Warnings pour : AMU_@univamu
Edition wikidata : https://www.wikidata.org/wiki/Q2302586 

The instance of wikidata item Q5062335 is not recommended: institut de recherche.
  Reason is: Statut pas assez précis.
  Please check https://www.wikidata.org/wiki/Q5062335
  using the guideline at https://github.com/cpesr 

The instance of wikidata item Q30261323 is not recommended: site.
  Reason is: Statut pas assez précis.
  Please check https://www.wikidata.org/wiki/Q30261323
  using the guideline at https://github.com/cpesr 

The instance of wikidata item Q3151741 is not recommended: laboratoire.
  Reason is: Statut pas assez précis.
  Please check https://www.wikidata.org/wiki/Q3151741
  using the guideline at https://github.com/cpesr 

The instance of wikidata item Q30261471 is not recommended: site.
  Reason is: Statut pas assez précis.
  Please check https://www.wikidata.org/wiki/Q30261471
  using the guideline at https://github.com/cpesr 

The instance of wikidata item Q3214382 is not recommended: institut de recherche.
  Reason is: Statut pas assez précis.
  Please check https://www.wikidata.org/wiki/Q3214382
  using the guideline at https://github.com/cpesr 

The instance of wikidata item Q30261587 is not recommended: laboratoire.
  Reason is: Statut pas assez précis.
  Please check https://www.wikidata.org/wiki/Q30261587
  using the guideline at https://github.com/cpesr 

The instance of wikidata item Q16508582 is not recommended: laboratoire.
  Reason is: Statut pas assez précis.
  Please check https://www.wikidata.org/wiki/Q16508582
  using the guideline at https://github.com/cpesr 

The instance of wikidata item Q3214412 is not recommended: institut de recherche.
  Reason is: Statut pas assez précis.
  Please check https://www.wikidata.org/wiki/Q3214412
  using the guideline at https://github.com/cpesr 

The instance of wikidata item Q2945402 is not recommended: institut de recherche.
  Reason is: Statut pas assez précis.
  Please check https://www.wikidata.org/wiki/Q2945402
  using the guideline at https://github.com/cpesr 

The instance of wikidata item Q30262256 is not recommended: site.
  Reason is: Statut pas assez précis.
  Please check https://www.wikidata.org/wiki/Q30262256
  using the guideline at https://github.com/cpesr 

The instance of wikidata item Q30262258 is not recommended: site.
  Reason is: Statut pas assez précis.
  Please check https://www.wikidata.org/wiki/Q30262258
  using the guideline at https://github.com/cpesr 

The instance of wikidata item Q30262259 is not recommended: site.
  Reason is: Statut pas assez précis.
  Please check https://www.wikidata.org/wiki/Q30262259
  using the guideline at https://github.com/cpesr 

The instance of wikidata item Q30262423 is not recommended: site.
  Reason is: Statut pas assez précis.
  Please check https://www.wikidata.org/wiki/Q30262423
  using the guideline at https://github.com/cpesr 

The instance of wikidata item Q30262474 is not recommended: site.
  Reason is: Statut pas assez précis.
  Please check https://www.wikidata.org/wiki/Q30262474
  using the guideline at https://github.com/cpesr 

The instance of wikidata item Q3497442 is not recommended: institut de recherche.
  Reason is: Statut pas assez précis.
  Please check https://www.wikidata.org/wiki/Q3497442
  using the guideline at https://github.com/cpesr 

The instance of wikidata item Q30265862 is not recommended: site.
  Reason is: Statut pas assez précis.
  Please check https://www.wikidata.org/wiki/Q30265862
  using the guideline at https://github.com/cpesr 

The instance of wikidata item Q2945983 is not recommended: laboratoire.
  Reason is: Statut pas assez précis.
  Please check https://www.wikidata.org/wiki/Q2945983
  using the guideline at https://github.com/cpesr 

