Warnings pour : AMU_@univamu
Edition wikidata : https://www.wikidata.org/wiki/Q2302586 

The instance of wikidata item Q59682680 is not recommended: école.
  Reason is: Statut pas assez précis.
  Please check https://www.wikidata.org/wiki/Q59682680
  using the guideline at https://github.com/cpesr 

The instance of wikidata item Q61716142 is not recommended: association.
  Reason is: Statut pas assez précis.
  Please check https://www.wikidata.org/wiki/Q61716142
  using the guideline at https://github.com/cpesr 

The instance of wikidata item Q54807390 is unknown by wikidataESR: centre régional de documentation pédagogique.
  Default level (size of the node) is set to 4.
  Please check the property P31 at https://www.wikidata.org/wiki/Q54807390
  using the guideline at https://github.com/cpesr 

The instance of wikidata item Q26857409 is not recommended: université.
  Reason is: Statut pas assez précis.
  Please check https://www.wikidata.org/wiki/Q26857409
  using the guideline at https://github.com/cpesr 

The instance of wikidata item Q22916621 is not recommended: hôpital.
  Reason is: Préférer CHU.
  Please check https://www.wikidata.org/wiki/Q22916621
  using the guideline at https://github.com/cpesr 

The instance of wikidata item Q50126533 is unknown by wikidataESR: chapelle.
  Default level (size of the node) is set to 4.
  Please check the property P31 at https://www.wikidata.org/wiki/Q50126533
  using the guideline at https://github.com/cpesr 

