Warnings pour : Institut_Agro_
Edition wikidata : https://www.wikidata.org/wiki/Q81433122 

The instance of wikidata item Q81433122 is not recommended: école d'ingé.
  Reason is: Statut pas assez précis.
  Please check https://www.wikidata.org/wiki/Q81433122
  using the guideline at https://github.com/cpesr 

The instance of wikidata item Q3152599 is not recommended: école.
  Reason is: Statut pas assez précis.
  Please check https://www.wikidata.org/wiki/Q3152599
  using the guideline at https://github.com/cpesr 

The instance of wikidata item Q2945808 is not recommended: Grande ecole.
  Reason is: Réserver aux écoles non contemporaines.
  Please check https://www.wikidata.org/wiki/Q2945808
  using the guideline at https://github.com/cpesr 

The instance of wikidata item Q3152379 is not recommended: institut.
  Reason is: Statut pas assez précis.
  Please check https://www.wikidata.org/wiki/Q3152379
  using the guideline at https://github.com/cpesr 

The instance of wikidata item Q3578198 is not recommended: école.
  Reason is: Statut pas assez précis.
  Please check https://www.wikidata.org/wiki/Q3578198
  using the guideline at https://github.com/cpesr 

The instance of wikidata item Q21683734 is not recommended: école.
  Reason is: Statut pas assez précis.
  Please check https://www.wikidata.org/wiki/Q21683734
  using the guideline at https://github.com/cpesr 

The instance of wikidata item Q2421302 is not recommended: établissement public.
  Reason is: Statut pas assez précis.
  Please check https://www.wikidata.org/wiki/Q2421302
  using the guideline at https://github.com/cpesr 

