Warnings pour : Paris_1_@SorbonneParis1
Edition wikidata : https://www.wikidata.org/wiki/Q999763 

The instance of wikidata item Q16643681 is not recommended: laboratoire.
  Reason is: Statut pas assez précis.
  Please check https://www.wikidata.org/wiki/Q16643681
  using the guideline at https://github.com/cpesr 

The instance of wikidata item Q30262271 is not recommended: site.
  Reason is: Statut pas assez précis.
  Please check https://www.wikidata.org/wiki/Q30262271
  using the guideline at https://github.com/cpesr 

The instance of wikidata item Q2945114 is not recommended: institut de recherche.
  Reason is: Statut pas assez précis.
  Please check https://www.wikidata.org/wiki/Q2945114
  using the guideline at https://github.com/cpesr 

The instance of wikidata item Q30274347 is not recommended: organisation.
  Reason is: Statut pas assez précis.
  Please check https://www.wikidata.org/wiki/Q30274347
  using the guideline at https://github.com/cpesr 

The instance of wikidata item Q33121468 is not recommended: organisation.
  Reason is: Statut pas assez précis.
  Please check https://www.wikidata.org/wiki/Q33121468
  using the guideline at https://github.com/cpesr 

