Warnings pour : Sorbonne_U_@Sorbonne_Univ_
Edition wikidata : https://www.wikidata.org/wiki/Q41497113 

The instance of wikidata item Q61716212 is not recommended: association.
  Reason is: Statut pas assez précis.
  Please check https://www.wikidata.org/wiki/Q61716212
  using the guideline at https://github.com/cpesr 

The instance of wikidata item Q622906 is not recommended: institut de technologie.
  Reason is: Statut pas assez précis.
  Please check https://www.wikidata.org/wiki/Q622906
  using the guideline at https://github.com/cpesr 

The instance of wikidata item Q61716197 is not recommended: association.
  Reason is: Statut pas assez précis.
  Please check https://www.wikidata.org/wiki/Q61716197
  using the guideline at https://github.com/cpesr 

The instance of wikidata item Q3152468 is not recommended: école d'ingé.
  Reason is: Statut pas assez précis.
  Please check https://www.wikidata.org/wiki/Q3152468
  using the guideline at https://github.com/cpesr 

The instance of wikidata item Q3578426 is not recommended: école.
  Reason is: Statut pas assez précis.
  Please check https://www.wikidata.org/wiki/Q3578426
  using the guideline at https://github.com/cpesr 

The instance of wikidata item Q3046116 is not recommended: école d'ingé.
  Reason is: Statut pas assez précis.
  Please check https://www.wikidata.org/wiki/Q3046116
  using the guideline at https://github.com/cpesr 

The instance of wikidata item Q3578393 is not recommended: école.
  Reason is: Statut pas assez précis.
  Please check https://www.wikidata.org/wiki/Q3578393
  using the guideline at https://github.com/cpesr 

The instance of wikidata item Q3577942 is not recommended: école.
  Reason is: Statut pas assez précis.
  Please check https://www.wikidata.org/wiki/Q3577942
  using the guideline at https://github.com/cpesr 

