Warnings pour : UBM_@UBMontaigne
Edition wikidata : https://www.wikidata.org/wiki/Q13342 

The instance of wikidata item Q51785385 is not recommended: laboratoire.
  Reason is: Statut pas assez précis.
  Please check https://www.wikidata.org/wiki/Q51785385
  using the guideline at https://github.com/cpesr 

The instance of wikidata item Q51783383 is not recommended: laboratoire.
  Reason is: Statut pas assez précis.
  Please check https://www.wikidata.org/wiki/Q51783383
  using the guideline at https://github.com/cpesr 

The instance of wikidata item Q51782272 is not recommended: laboratoire.
  Reason is: Statut pas assez précis.
  Please check https://www.wikidata.org/wiki/Q51782272
  using the guideline at https://github.com/cpesr 

The instance of wikidata item Q51780320 is not recommended: laboratoire.
  Reason is: Statut pas assez précis.
  Please check https://www.wikidata.org/wiki/Q51780320
  using the guideline at https://github.com/cpesr 

The instance of wikidata item Q51785282 is not recommended: laboratoire.
  Reason is: Statut pas assez précis.
  Please check https://www.wikidata.org/wiki/Q51785282
  using the guideline at https://github.com/cpesr 

The instance of wikidata item Q51783592 is not recommended: laboratoire.
  Reason is: Statut pas assez précis.
  Please check https://www.wikidata.org/wiki/Q51783592
  using the guideline at https://github.com/cpesr 

The instance of wikidata item Q74572176 is not recommended: laboratoire.
  Reason is: Statut pas assez précis.
  Please check https://www.wikidata.org/wiki/Q74572176
  using the guideline at https://github.com/cpesr 

The instance of wikidata item Q74573595 is not recommended: laboratoire.
  Reason is: Statut pas assez précis.
  Please check https://www.wikidata.org/wiki/Q74573595
  using the guideline at https://github.com/cpesr 

