Warnings pour : UBx_@univbordeaux
Edition wikidata : https://www.wikidata.org/wiki/Q13344 

The instance of wikidata item Q30261439 is not recommended: site.
  Reason is: Statut pas assez précis.
  Please check https://www.wikidata.org/wiki/Q30261439
  using the guideline at https://github.com/cpesr 

The instance of wikidata item Q15967309 is not recommended: laboratoire.
  Reason is: Statut pas assez précis.
  Please check https://www.wikidata.org/wiki/Q15967309
  using the guideline at https://github.com/cpesr 

The instance of wikidata item Q51786140 is not recommended: laboratoire.
  Reason is: Statut pas assez précis.
  Please check https://www.wikidata.org/wiki/Q51786140
  using the guideline at https://github.com/cpesr 

The instance of wikidata item Q30262406 is not recommended: site.
  Reason is: Statut pas assez précis.
  Please check https://www.wikidata.org/wiki/Q30262406
  using the guideline at https://github.com/cpesr 

The instance of wikidata item Q30262479 is not recommended: site.
  Reason is: Statut pas assez précis.
  Please check https://www.wikidata.org/wiki/Q30262479
  using the guideline at https://github.com/cpesr 

The instance of wikidata item Q30262493 is not recommended: site.
  Reason is: Statut pas assez précis.
  Please check https://www.wikidata.org/wiki/Q30262493
  using the guideline at https://github.com/cpesr 

The instance of wikidata item Q43896471 is not recommended: site.
  Reason is: Statut pas assez précis.
  Please check https://www.wikidata.org/wiki/Q43896471
  using the guideline at https://github.com/cpesr 

The instance of wikidata item Q50040727 is not recommended: site.
  Reason is: Statut pas assez précis.
  Please check https://www.wikidata.org/wiki/Q50040727
  using the guideline at https://github.com/cpesr 

The instance of wikidata item Q51780660 is not recommended: laboratoire.
  Reason is: Statut pas assez précis.
  Please check https://www.wikidata.org/wiki/Q51780660
  using the guideline at https://github.com/cpesr 

