Warnings pour : UFC_@fc_univ
Edition wikidata : https://www.wikidata.org/wiki/Q829449 

The instance of wikidata item Q3081158 is not recommended: institut de recherche.
  Reason is: Statut pas assez précis.
  Please check https://www.wikidata.org/wiki/Q3081158
  using the guideline at https://github.com/cpesr 

The instance of wikidata item Q30262252 is not recommended: site.
  Reason is: Statut pas assez précis.
  Please check https://www.wikidata.org/wiki/Q30262252
  using the guideline at https://github.com/cpesr 

The instance of wikidata item Q30262369 is not recommended: site.
  Reason is: Statut pas assez précis.
  Please check https://www.wikidata.org/wiki/Q30262369
  using the guideline at https://github.com/cpesr 

The instance of wikidata item Q30262481 is not recommended: site.
  Reason is: Statut pas assez précis.
  Please check https://www.wikidata.org/wiki/Q30262481
  using the guideline at https://github.com/cpesr 

The instance of wikidata item Q30262538 is not recommended: centre de recherche.
  Reason is: Statut pas assez précis.
  Please check https://www.wikidata.org/wiki/Q30262538
  using the guideline at https://github.com/cpesr 

The instance of wikidata item Q50040734 is not recommended: site.
  Reason is: Statut pas assez précis.
  Please check https://www.wikidata.org/wiki/Q50040734
  using the guideline at https://github.com/cpesr 

