Warnings pour : UNICAEN_@universite_caen
Edition wikidata : https://www.wikidata.org/wiki/Q568554 

The instance of wikidata item Q3117752 is not recommended: institut de recherche.
  Reason is: Statut pas assez précis.
  Please check https://www.wikidata.org/wiki/Q3117752
  using the guideline at https://github.com/cpesr 

The instance of wikidata item Q3214473 is not recommended: laboratoire.
  Reason is: Statut pas assez précis.
  Please check https://www.wikidata.org/wiki/Q3214473
  using the guideline at https://github.com/cpesr 

The instance of wikidata item Q30262446 is not recommended: site.
  Reason is: Statut pas assez précis.
  Please check https://www.wikidata.org/wiki/Q30262446
  using the guideline at https://github.com/cpesr 

The instance of wikidata item Q43896457 is not recommended: site.
  Reason is: Statut pas assez précis.
  Please check https://www.wikidata.org/wiki/Q43896457
  using the guideline at https://github.com/cpesr 

The instance of wikidata item Q50035313 is not recommended: site.
  Reason is: Statut pas assez précis.
  Please check https://www.wikidata.org/wiki/Q50035313
  using the guideline at https://github.com/cpesr 

The instance of wikidata item Q50040735 is not recommended: site.
  Reason is: Statut pas assez précis.
  Please check https://www.wikidata.org/wiki/Q50040735
  using the guideline at https://github.com/cpesr 

