Warnings pour : Université_Sorbonne_Nouvelle_-_Paris_3_@SorbonneParis3
Edition wikidata : https://www.wikidata.org/wiki/Q571293 

The instance of wikidata item Q6467244 is not recommended: laboratoire.
  Reason is: Statut pas assez précis.
  Please check https://www.wikidata.org/wiki/Q6467244
  using the guideline at https://github.com/cpesr 

The instance of wikidata item Q2945455 is not recommended: institut de recherche.
  Reason is: Statut pas assez précis.
  Please check https://www.wikidata.org/wiki/Q2945455
  using the guideline at https://github.com/cpesr 

The instance of wikidata item Q51781407 is not recommended: laboratoire.
  Reason is: Statut pas assez précis.
  Please check https://www.wikidata.org/wiki/Q51781407
  using the guideline at https://github.com/cpesr 

The instance of wikidata item Q51784574 is not recommended: laboratoire.
  Reason is: Statut pas assez précis.
  Please check https://www.wikidata.org/wiki/Q51784574
  using the guideline at https://github.com/cpesr 

The instance of wikidata item Q51782248 is not recommended: laboratoire.
  Reason is: Statut pas assez précis.
  Please check https://www.wikidata.org/wiki/Q51782248
  using the guideline at https://github.com/cpesr 

The instance of wikidata item Q51782284 is not recommended: laboratoire.
  Reason is: Statut pas assez précis.
  Please check https://www.wikidata.org/wiki/Q51782284
  using the guideline at https://github.com/cpesr 

The instance of wikidata item Q106600593 is not recommended: laboratoire.
  Reason is: Statut pas assez précis.
  Please check https://www.wikidata.org/wiki/Q106600593
  using the guideline at https://github.com/cpesr 

The instance of wikidata item Q51780809 is not recommended: laboratoire.
  Reason is: Statut pas assez précis.
  Please check https://www.wikidata.org/wiki/Q51780809
  using the guideline at https://github.com/cpesr 

The instance of wikidata item Q51782327 is not recommended: laboratoire.
  Reason is: Statut pas assez précis.
  Please check https://www.wikidata.org/wiki/Q51782327
  using the guideline at https://github.com/cpesr 

The instance of wikidata item Q51784317 is not recommended: laboratoire.
  Reason is: Statut pas assez précis.
  Please check https://www.wikidata.org/wiki/Q51784317
  using the guideline at https://github.com/cpesr 

The instance of wikidata item Q51785182 is not recommended: laboratoire.
  Reason is: Statut pas assez précis.
  Please check https://www.wikidata.org/wiki/Q51785182
  using the guideline at https://github.com/cpesr 

The instance of wikidata item Q51785156 is not recommended: laboratoire.
  Reason is: Statut pas assez précis.
  Please check https://www.wikidata.org/wiki/Q51785156
  using the guideline at https://github.com/cpesr 

The instance of wikidata item Q51778803 is not recommended: laboratoire.
  Reason is: Statut pas assez précis.
  Please check https://www.wikidata.org/wiki/Q51778803
  using the guideline at https://github.com/cpesr 

The instance of wikidata item Q51780512 is not recommended: laboratoire.
  Reason is: Statut pas assez précis.
  Please check https://www.wikidata.org/wiki/Q51780512
  using the guideline at https://github.com/cpesr 

The instance of wikidata item Q51782255 is not recommended: laboratoire.
  Reason is: Statut pas assez précis.
  Please check https://www.wikidata.org/wiki/Q51782255
  using the guideline at https://github.com/cpesr 

The instance of wikidata item Q51780504 is not recommended: laboratoire.
  Reason is: Statut pas assez précis.
  Please check https://www.wikidata.org/wiki/Q51780504
  using the guideline at https://github.com/cpesr 

The instance of wikidata item Q51781363 is not recommended: laboratoire.
  Reason is: Statut pas assez précis.
  Please check https://www.wikidata.org/wiki/Q51781363
  using the guideline at https://github.com/cpesr 

The instance of wikidata item Q106689317 is not recommended: laboratoire.
  Reason is: Statut pas assez précis.
  Please check https://www.wikidata.org/wiki/Q106689317
  using the guideline at https://github.com/cpesr 

The instance of wikidata item Q51784564 is not recommended: laboratoire.
  Reason is: Statut pas assez précis.
  Please check https://www.wikidata.org/wiki/Q51784564
  using the guideline at https://github.com/cpesr 

The instance of wikidata item Q51784300 is not recommended: laboratoire.
  Reason is: Statut pas assez précis.
  Please check https://www.wikidata.org/wiki/Q51784300
  using the guideline at https://github.com/cpesr 

The instance of wikidata item Q108337571 is not recommended: laboratoire.
  Reason is: Statut pas assez précis.
  Please check https://www.wikidata.org/wiki/Q108337571
  using the guideline at https://github.com/cpesr 

