Warnings pour : Université_PSL_@psl_univ
Edition wikidata : https://www.wikidata.org/wiki/Q1163431 

The instance of wikidata item Q273638 is not recommended: institut d'enseignement supérieur.
  Reason is: Statut pas assez précis.
  Please check https://www.wikidata.org/wiki/Q273638
  using the guideline at https://github.com/cpesr 

The instance of wikidata item Q1189954 is not recommended: école d'ingé.
  Reason is: Statut pas assez précis.
  Please check https://www.wikidata.org/wiki/Q1189954
  using the guideline at https://github.com/cpesr 

The instance of wikidata item Q1127387 is unknown by wikidataESR: école d'art dramatique.
  Default level (size of the node) is set to 4.
  Please check the property P31 at https://www.wikidata.org/wiki/Q1127387
  using the guideline at https://github.com/cpesr 

The instance of wikidata item Q1135990 is not recommended: Grande ecole.
  Reason is: Réserver aux écoles non contemporaines.
  Please check https://www.wikidata.org/wiki/Q1135990
  using the guideline at https://github.com/cpesr 

The instance of wikidata item Q1138556 is unknown by wikidataESR: école de cinéma.
  Default level (size of the node) is set to 4.
  Please check the property P31 at https://www.wikidata.org/wiki/Q1138556
  using the guideline at https://github.com/cpesr 

The instance of wikidata item Q2451973 is unknown by wikidataESR: fondation.
  Default level (size of the node) is set to 4.
  Please check the property P31 at https://www.wikidata.org/wiki/Q2451973
  using the guideline at https://github.com/cpesr 

The instance of wikidata item Q30299480 is not recommended: agence publique.
  Reason is: Statut pas assez précis.
  Please check https://www.wikidata.org/wiki/Q30299480
  using the guideline at https://github.com/cpesr 

The instance of wikidata item Q30299481 is not recommended: site.
  Reason is: Statut pas assez précis.
  Please check https://www.wikidata.org/wiki/Q30299481
  using the guideline at https://github.com/cpesr 

The instance of wikidata item Q30299482 is not recommended: site.
  Reason is: Statut pas assez précis.
  Please check https://www.wikidata.org/wiki/Q30299482
  using the guideline at https://github.com/cpesr 

The instance of wikidata item Q30299483 is not recommended: site.
  Reason is: Statut pas assez précis.
  Please check https://www.wikidata.org/wiki/Q30299483
  using the guideline at https://github.com/cpesr 

The instance of wikidata item Q30299484 is not recommended: agence publique.
  Reason is: Statut pas assez précis.
  Please check https://www.wikidata.org/wiki/Q30299484
  using the guideline at https://github.com/cpesr 

The instance of wikidata item Q18156000 is not recommended: laboratoire.
  Reason is: Statut pas assez précis.
  Please check https://www.wikidata.org/wiki/Q18156000
  using the guideline at https://github.com/cpesr 

The instance of wikidata item Q30299486 is not recommended: agence publique.
  Reason is: Statut pas assez précis.
  Please check https://www.wikidata.org/wiki/Q30299486
  using the guideline at https://github.com/cpesr 

The instance of wikidata item Q16008922 is not recommended: institut de recherche.
  Reason is: Statut pas assez précis.
  Please check https://www.wikidata.org/wiki/Q16008922
  using the guideline at https://github.com/cpesr 

The instance of wikidata item Q3214404 is not recommended: institut de recherche.
  Reason is: Statut pas assez précis.
  Please check https://www.wikidata.org/wiki/Q3214404
  using the guideline at https://github.com/cpesr 

The instance of wikidata item Q3214442 is not recommended: laboratoire.
  Reason is: Statut pas assez précis.
  Please check https://www.wikidata.org/wiki/Q3214442
  using the guideline at https://github.com/cpesr 

The instance of wikidata item Q3214422 is not recommended: institut de recherche.
  Reason is: Statut pas assez précis.
  Please check https://www.wikidata.org/wiki/Q3214422
  using the guideline at https://github.com/cpesr 

The instance of wikidata item Q3214460 is not recommended: institut de recherche.
  Reason is: Statut pas assez précis.
  Please check https://www.wikidata.org/wiki/Q3214460
  using the guideline at https://github.com/cpesr 

The instance of wikidata item Q3214464 is not recommended: laboratoire.
  Reason is: Statut pas assez précis.
  Please check https://www.wikidata.org/wiki/Q3214464
  using the guideline at https://github.com/cpesr 

The instance of wikidata item Q3214369 is not recommended: institut de recherche.
  Reason is: Statut pas assez précis.
  Please check https://www.wikidata.org/wiki/Q3214369
  using the guideline at https://github.com/cpesr 

The instance of wikidata item Q3214388 is not recommended: institut de recherche.
  Reason is: Statut pas assez précis.
  Please check https://www.wikidata.org/wiki/Q3214388
  using the guideline at https://github.com/cpesr 

The instance of wikidata item Q3402795 is not recommended: institut universitaire.
  Reason is: Statut pas assez précis.
  Please check https://www.wikidata.org/wiki/Q3402795
  using the guideline at https://github.com/cpesr 

The instance of wikidata item Q3214481 is not recommended: laboratoire.
  Reason is: Statut pas assez précis.
  Please check https://www.wikidata.org/wiki/Q3214481
  using the guideline at https://github.com/cpesr 

The instance of wikidata item Q30274352 is not recommended: site.
  Reason is: Statut pas assez précis.
  Please check https://www.wikidata.org/wiki/Q30274352
  using the guideline at https://github.com/cpesr 

The instance of wikidata item Q30274369 is not recommended: site.
  Reason is: Statut pas assez précis.
  Please check https://www.wikidata.org/wiki/Q30274369
  using the guideline at https://github.com/cpesr 

The instance of wikidata item Q33122106 is not recommended: site.
  Reason is: Statut pas assez précis.
  Please check https://www.wikidata.org/wiki/Q33122106
  using the guideline at https://github.com/cpesr 

The instance of wikidata item Q3214375 is not recommended: institut de recherche.
  Reason is: Statut pas assez précis.
  Please check https://www.wikidata.org/wiki/Q3214375
  using the guideline at https://github.com/cpesr 

The instance of wikidata item Q651337 is not recommended: institut de recherche.
  Reason is: Statut pas assez précis.
  Please check https://www.wikidata.org/wiki/Q651337
  using the guideline at https://github.com/cpesr 

The instance of wikidata item Q62925843 is unknown by wikidataESR: département universitaire.
  Default level (size of the node) is set to 4.
  Please check the property P31 at https://www.wikidata.org/wiki/Q62925843
  using the guideline at https://github.com/cpesr 

The instance of wikidata item Q30262279 is not recommended: site.
  Reason is: Statut pas assez précis.
  Please check https://www.wikidata.org/wiki/Q30262279
  using the guideline at https://github.com/cpesr 

The instance of wikidata item Q30262290 is not recommended: site.
  Reason is: Statut pas assez précis.
  Please check https://www.wikidata.org/wiki/Q30262290
  using the guideline at https://github.com/cpesr 

The instance of wikidata item Q3151760 is not recommended: institut de recherche.
  Reason is: Statut pas assez précis.
  Please check https://www.wikidata.org/wiki/Q3151760
  using the guideline at https://github.com/cpesr 

The instance of wikidata item Q2913547 is not recommended: laboratoire.
  Reason is: Statut pas assez précis.
  Please check https://www.wikidata.org/wiki/Q2913547
  using the guideline at https://github.com/cpesr 

The instance of wikidata item Q30262539 is not recommended: site.
  Reason is: Statut pas assez précis.
  Please check https://www.wikidata.org/wiki/Q30262539
  using the guideline at https://github.com/cpesr 

The instance of wikidata item Q2868555 is not recommended: institut de recherche.
  Reason is: Statut pas assez précis.
  Please check https://www.wikidata.org/wiki/Q2868555
  using the guideline at https://github.com/cpesr 

The instance of wikidata item Q3152052 is not recommended: institut de recherche.
  Reason is: Statut pas assez précis.
  Please check https://www.wikidata.org/wiki/Q3152052
  using the guideline at https://github.com/cpesr 

The instance of wikidata item Q16652997 is not recommended: laboratoire.
  Reason is: Statut pas assez précis.
  Please check https://www.wikidata.org/wiki/Q16652997
  using the guideline at https://github.com/cpesr 

The instance of wikidata item Q30262187 is not recommended: site.
  Reason is: Statut pas assez précis.
  Please check https://www.wikidata.org/wiki/Q30262187
  using the guideline at https://github.com/cpesr 

The instance of wikidata item Q30262191 is not recommended: institut de recherche.
  Reason is: Statut pas assez précis.
  Please check https://www.wikidata.org/wiki/Q30262191
  using the guideline at https://github.com/cpesr 

The instance of wikidata item Q30262201 is not recommended: site.
  Reason is: Statut pas assez précis.
  Please check https://www.wikidata.org/wiki/Q30262201
  using the guideline at https://github.com/cpesr 

The instance of wikidata item Q30262213 is not recommended: site.
  Reason is: Statut pas assez précis.
  Please check https://www.wikidata.org/wiki/Q30262213
  using the guideline at https://github.com/cpesr 

