Warnings pour : Université_Toulouse_III_-_Paul_Sabatier_@UT3PaulSabatier
Edition wikidata : https://www.wikidata.org/wiki/Q1273188 

The instance of wikidata item Q30282448 is not recommended: site.
  Reason is: Statut pas assez précis.
  Please check https://www.wikidata.org/wiki/Q30282448
  using the guideline at https://github.com/cpesr 

The instance of wikidata item Q18214944 is not recommended: institut.
  Reason is: Statut pas assez précis.
  Please check https://www.wikidata.org/wiki/Q18214944
  using the guideline at https://github.com/cpesr 

The instance of wikidata item Q3152055 is not recommended: institut.
  Reason is: Statut pas assez précis.
  Please check https://www.wikidata.org/wiki/Q3152055
  using the guideline at https://github.com/cpesr 

The instance of wikidata item Q3152090 is not recommended: institut.
  Reason is: Statut pas assez précis.
  Please check https://www.wikidata.org/wiki/Q3152090
  using the guideline at https://github.com/cpesr 

The instance of wikidata item Q30261394 is not recommended: site.
  Reason is: Statut pas assez précis.
  Please check https://www.wikidata.org/wiki/Q30261394
  using the guideline at https://github.com/cpesr 

The instance of wikidata item Q3214408 is not recommended: institut de recherche.
  Reason is: Statut pas assez précis.
  Please check https://www.wikidata.org/wiki/Q3214408
  using the guideline at https://github.com/cpesr 

The instance of wikidata item Q13421865 is not recommended: institut de recherche.
  Reason is: Statut pas assez précis.
  Please check https://www.wikidata.org/wiki/Q13421865
  using the guideline at https://github.com/cpesr 

The instance of wikidata item Q6467240 is not recommended: institut de recherche.
  Reason is: Statut pas assez précis.
  Please check https://www.wikidata.org/wiki/Q6467240
  using the guideline at https://github.com/cpesr 

The instance of wikidata item Q30262476 is not recommended: site.
  Reason is: Statut pas assez précis.
  Please check https://www.wikidata.org/wiki/Q30262476
  using the guideline at https://github.com/cpesr 

The instance of wikidata item Q30262496 is not recommended: site.
  Reason is: Statut pas assez précis.
  Please check https://www.wikidata.org/wiki/Q30262496
  using the guideline at https://github.com/cpesr 

The instance of wikidata item Q30264420 is not recommended: site.
  Reason is: Statut pas assez précis.
  Please check https://www.wikidata.org/wiki/Q30264420
  using the guideline at https://github.com/cpesr 

The instance of wikidata item Q50040723 is not recommended: site.
  Reason is: Statut pas assez précis.
  Please check https://www.wikidata.org/wiki/Q50040723
  using the guideline at https://github.com/cpesr 

The instance of wikidata item Q50040742 is not recommended: site.
  Reason is: Statut pas assez précis.
  Please check https://www.wikidata.org/wiki/Q50040742
  using the guideline at https://github.com/cpesr 

The instance of wikidata item Q30297078 is not recommended: laboratoire.
  Reason is: Statut pas assez précis.
  Please check https://www.wikidata.org/wiki/Q30297078
  using the guideline at https://github.com/cpesr 

The instance of wikidata item Q97188708 is not recommended: école d'ingé.
  Reason is: Statut pas assez précis.
  Please check https://www.wikidata.org/wiki/Q97188708
  using the guideline at https://github.com/cpesr 

