Warnings pour : Université_de_Rennes_1_@UnivRennes1
Edition wikidata : https://www.wikidata.org/wiki/Q726595 

The instance of wikidata item Q3152091 is not recommended: laboratoire.
  Reason is: Statut pas assez précis.
  Please check https://www.wikidata.org/wiki/Q3152091
  using the guideline at https://github.com/cpesr 

The instance of wikidata item Q30261433 is not recommended: organisation.
  Reason is: Statut pas assez précis.
  Please check https://www.wikidata.org/wiki/Q30261433
  using the guideline at https://github.com/cpesr 

The instance of wikidata item Q30261470 is not recommended: organisation.
  Reason is: Statut pas assez précis.
  Please check https://www.wikidata.org/wiki/Q30261470
  using the guideline at https://github.com/cpesr 

The instance of wikidata item Q30261492 is not recommended: organisation.
  Reason is: Statut pas assez précis.
  Please check https://www.wikidata.org/wiki/Q30261492
  using the guideline at https://github.com/cpesr 

The instance of wikidata item Q30261536 is not recommended: organisation.
  Reason is: Statut pas assez précis.
  Please check https://www.wikidata.org/wiki/Q30261536
  using the guideline at https://github.com/cpesr 

The instance of wikidata item Q30262366 is not recommended: organisation.
  Reason is: Statut pas assez précis.
  Please check https://www.wikidata.org/wiki/Q30262366
  using the guideline at https://github.com/cpesr 

