Warnings pour : Université_de_Lorraine_@Univ_Lorraine
Edition wikidata : https://www.wikidata.org/wiki/Q4173330 

The instance of wikidata item Q2945401 is not recommended: laboratoire.
  Reason is: Statut pas assez précis.
  Please check https://www.wikidata.org/wiki/Q2945401
  using the guideline at https://github.com/cpesr 

The instance of wikidata item Q16507426 is not recommended: institut de recherche.
  Reason is: Statut pas assez précis.
  Please check https://www.wikidata.org/wiki/Q16507426
  using the guideline at https://github.com/cpesr 

The instance of wikidata item Q30262145 is not recommended: site.
  Reason is: Statut pas assez précis.
  Please check https://www.wikidata.org/wiki/Q30262145
  using the guideline at https://github.com/cpesr 

The instance of wikidata item Q30262205 is not recommended: site.
  Reason is: Statut pas assez précis.
  Please check https://www.wikidata.org/wiki/Q30262205
  using the guideline at https://github.com/cpesr 

The instance of wikidata item Q3117751 is not recommended: centre de recherche.
  Reason is: Statut pas assez précis.
  Please check https://www.wikidata.org/wiki/Q3117751
  using the guideline at https://github.com/cpesr 

