Warnings pour : Université_Paris-Est_Créteil_@UPECactus
Edition wikidata : https://www.wikidata.org/wiki/Q980688 

The instance of wikidata item Q2946043 is not recommended: institut de recherche.
  Reason is: Statut pas assez précis.
  Please check https://www.wikidata.org/wiki/Q2946043
  using the guideline at https://github.com/cpesr 

The instance of wikidata item Q3577756 is not recommended: École nationale supérieure.
  Reason is: Confusion avec les ENS.
  Please check https://www.wikidata.org/wiki/Q3577756
  using the guideline at https://github.com/cpesr 

The instance of wikidata item Q1665109 is not recommended: institut.
  Reason is: Statut pas assez précis.
  Please check https://www.wikidata.org/wiki/Q1665109
  using the guideline at https://github.com/cpesr 

The instance of wikidata item Q273515 is not recommended: Grande ecole.
  Reason is: Réserver aux écoles non contemporaines.
  Please check https://www.wikidata.org/wiki/Q273515
  using the guideline at https://github.com/cpesr 

The instance of wikidata item Q3578187 is unknown by wikidataESR: école d'architecture.
  Default level (size of the node) is set to 4.
  Please check the property P31 at https://www.wikidata.org/wiki/Q3578187
  using the guideline at https://github.com/cpesr 

The instance of wikidata item Q3578184 is not recommended: École nationale supérieure.
  Reason is: Confusion avec les ENS.
  Please check https://www.wikidata.org/wiki/Q3578184
  using the guideline at https://github.com/cpesr 

The instance of wikidata item Q1665102 is not recommended: entreprise d'État.
  Reason is: Statut pas assez précis.
  Please check https://www.wikidata.org/wiki/Q1665102
  using the guideline at https://github.com/cpesr 

The instance of wikidata item Q392520 is not recommended: ODAC.
  Reason is: Statut pas assez précis.
  Please check https://www.wikidata.org/wiki/Q392520
  using the guideline at https://github.com/cpesr 

The instance of wikidata item Q2986337 is not recommended: organisation.
  Reason is: Statut pas assez précis.
  Please check https://www.wikidata.org/wiki/Q2986337
  using the guideline at https://github.com/cpesr 

The instance of wikidata item Q60999016 is unknown by wikidataESR: APUC.
  Default level (size of the node) is set to 4.
  Please check the property P31 at https://www.wikidata.org/wiki/Q60999016
  using the guideline at https://github.com/cpesr 

The instance of wikidata item Q3029546 is unknown by wikidataESR: direction ministérielle.
  Default level (size of the node) is set to 4.
  Please check the property P31 at https://www.wikidata.org/wiki/Q3029546
  using the guideline at https://github.com/cpesr 

The instance of wikidata item Q60892036 is unknown by wikidataESR: APU.
  Default level (size of the node) is set to 4.
  Please check the property P31 at https://www.wikidata.org/wiki/Q60892036
  using the guideline at https://github.com/cpesr 

