Warnings pour : Université_Jean_Monnet_@Univ_St_Etienne
Edition wikidata : https://www.wikidata.org/wiki/Q623154 

The instance of wikidata item Q15407445 is not recommended: institut de recherche.
  Reason is: Statut pas assez précis.
  Please check https://www.wikidata.org/wiki/Q15407445
  using the guideline at https://github.com/cpesr 

The instance of wikidata item Q3137979 is not recommended: institut de recherche.
  Reason is: Statut pas assez précis.
  Please check https://www.wikidata.org/wiki/Q3137979
  using the guideline at https://github.com/cpesr 

The instance of wikidata item Q3214374 is not recommended: institut de recherche.
  Reason is: Statut pas assez précis.
  Please check https://www.wikidata.org/wiki/Q3214374
  using the guideline at https://github.com/cpesr 

The instance of wikidata item Q3214363 is not recommended: laboratoire.
  Reason is: Statut pas assez précis.
  Please check https://www.wikidata.org/wiki/Q3214363
  using the guideline at https://github.com/cpesr 

The instance of wikidata item Q30274349 is not recommended: site.
  Reason is: Statut pas assez précis.
  Please check https://www.wikidata.org/wiki/Q30274349
  using the guideline at https://github.com/cpesr 

The instance of wikidata item Q30274356 is not recommended: site.
  Reason is: Statut pas assez précis.
  Please check https://www.wikidata.org/wiki/Q30274356
  using the guideline at https://github.com/cpesr 

The instance of wikidata item Q30274366 is not recommended: site.
  Reason is: Statut pas assez précis.
  Please check https://www.wikidata.org/wiki/Q30274366
  using the guideline at https://github.com/cpesr 

