Warnings pour : Université_Paris-Saclay_@UnivParisSaclay
Edition wikidata : https://www.wikidata.org/wiki/Q13531686 

The instance of wikidata item Q127107 is not recommended: association.
  Reason is: Statut pas assez précis.
  Please check https://www.wikidata.org/wiki/Q127107
  using the guideline at https://github.com/cpesr 

The instance of wikidata item Q7752364 is unknown by wikidataESR: OSBL.
  Default level (size of the node) is set to 4.
  Please check the property P31 at https://www.wikidata.org/wiki/Q7752364
  using the guideline at https://github.com/cpesr 

The instance of wikidata item Q5576414 is unknown by wikidataESR: association espagnole.
  Default level (size of the node) is set to 4.
  Please check the property P31 at https://www.wikidata.org/wiki/Q5576414
  using the guideline at https://github.com/cpesr 

The instance of wikidata item Q207712 is unknown by wikidataESR: periode du tableau periodique.
  Default level (size of the node) is set to 4.
  Please check the property P31 at https://www.wikidata.org/wiki/Q207712
  using the guideline at https://github.com/cpesr 

The instance of wikidata item Q104567 is unknown by wikidataESR: famille.
  Default level (size of the node) is set to 4.
  Please check the property P31 at https://www.wikidata.org/wiki/Q104567
  using the guideline at https://github.com/cpesr 

The instance of wikidata item Q11344 is unknown by wikidataESR: métaclasse d'ordre 1.
  Default level (size of the node) is set to 4.
  Please check the property P31 at https://www.wikidata.org/wiki/Q11344
  using the guideline at https://github.com/cpesr 

The instance of wikidata item Q10693 is unknown by wikidataESR: nomenclature chimique.
  Default level (size of the node) is set to 4.
  Please check the property P31 at https://www.wikidata.org/wiki/Q10693
  using the guideline at https://github.com/cpesr 

The instance of wikidata item Q66392 is unknown by wikidataESR: classe de composés chimiques.
  Default level (size of the node) is set to 4.
  Please check the property P31 at https://www.wikidata.org/wiki/Q66392
  using the guideline at https://github.com/cpesr 

The instance of wikidata item Q214483 is unknown by wikidataESR: bloc du tableau périodique.
  Default level (size of the node) is set to 4.
  Please check the property P31 at https://www.wikidata.org/wiki/Q214483
  using the guideline at https://github.com/cpesr 

The instance of wikidata item Q19557 is not set.
  Default level (size of the node) is set to 7.
  Please check the property P31 at https://www.wikidata.org/wiki/Q19557
  using the guideline at https://github.com/cpesr 

The instance of wikidata item Q19557 is not recommended: statut manquant.
  Reason is: Absence de propriété P31 (instance_of/nature de l'élément).
  Please check https://www.wikidata.org/wiki/Q19557
  using the guideline at https://github.com/cpesr 

The instance of wikidata item Q428830 is not set.
  Default level (size of the node) is set to 7.
  Please check the property P31 at https://www.wikidata.org/wiki/Q428830
  using the guideline at https://github.com/cpesr 

The instance of wikidata item Q428830 is not recommended: statut manquant.
  Reason is: Absence de propriété P31 (instance_of/nature de l'élément).
  Please check https://www.wikidata.org/wiki/Q428830
  using the guideline at https://github.com/cpesr 

The instance of wikidata item Q208106 is not set.
  Default level (size of the node) is set to 7.
  Please check the property P31 at https://www.wikidata.org/wiki/Q208106
  using the guideline at https://github.com/cpesr 

The instance of wikidata item Q208106 is not recommended: statut manquant.
  Reason is: Absence de propriété P31 (instance_of/nature de l'élément).
  Please check https://www.wikidata.org/wiki/Q208106
  using the guideline at https://github.com/cpesr 

The instance of wikidata item Q25403900 is unknown by wikidataESR: classe de substances chimique par usage.
  Default level (size of the node) is set to 4.
  Please check the property P31 at https://www.wikidata.org/wiki/Q25403900
  using the guideline at https://github.com/cpesr 

The instance of wikidata item Q746549 is not set.
  Default level (size of the node) is set to 7.
  Please check the property P31 at https://www.wikidata.org/wiki/Q746549
  using the guideline at https://github.com/cpesr 

The instance of wikidata item Q746549 is not recommended: statut manquant.
  Reason is: Absence de propriété P31 (instance_of/nature de l'élément).
  Please check https://www.wikidata.org/wiki/Q746549
  using the guideline at https://github.com/cpesr 

The instance of wikidata item Q239 is unknown by wikidataESR: capitale.
  Default level (size of the node) is set to 4.
  Please check the property P31 at https://www.wikidata.org/wiki/Q239
  using the guideline at https://github.com/cpesr 

The instance of wikidata item Q12887 is unknown by wikidataESR: commune belge.
  Default level (size of the node) is set to 4.
  Please check the property P31 at https://www.wikidata.org/wiki/Q12887
  using the guideline at https://github.com/cpesr 

The instance of wikidata item Q18435290 is unknown by wikidataESR: centre-ville.
  Default level (size of the node) is set to 4.
  Please check the property P31 at https://www.wikidata.org/wiki/Q18435290
  using the guideline at https://github.com/cpesr 

The instance of wikidata item Q63378234 is unknown by wikidataESR: quartier.
  Default level (size of the node) is set to 4.
  Please check the property P31 at https://www.wikidata.org/wiki/Q63378234
  using the guideline at https://github.com/cpesr 

The instance of wikidata item Q730506 is unknown by wikidataESR: village.
  Default level (size of the node) is set to 4.
  Please check the property P31 at https://www.wikidata.org/wiki/Q730506
  using the guideline at https://github.com/cpesr 

The instance of wikidata item Q61263009 is unknown by wikidataESR: asum.
  Default level (size of the node) is set to 4.
  Please check the property P31 at https://www.wikidata.org/wiki/Q61263009
  using the guideline at https://github.com/cpesr 

The instance of wikidata item Q2664656 is unknown by wikidataESR: localité.
  Default level (size of the node) is set to 4.
  Please check the property P31 at https://www.wikidata.org/wiki/Q2664656
  using the guideline at https://github.com/cpesr 

The instance of wikidata item Q82794 is not set.
  Default level (size of the node) is set to 7.
  Please check the property P31 at https://www.wikidata.org/wiki/Q82794
  using the guideline at https://github.com/cpesr 

The instance of wikidata item Q82794 is not recommended: statut manquant.
  Reason is: Absence de propriété P31 (instance_of/nature de l'élément).
  Please check https://www.wikidata.org/wiki/Q82794
  using the guideline at https://github.com/cpesr 

The instance of wikidata item Q82794 is not set.
  Default level (size of the node) is set to 7.
  Please check the property P31 at https://www.wikidata.org/wiki/Q82794
  using the guideline at https://github.com/cpesr 

The instance of wikidata item Q82794 is not recommended: statut manquant.
  Reason is: Absence de propriété P31 (instance_of/nature de l'élément).
  Please check https://www.wikidata.org/wiki/Q82794
  using the guideline at https://github.com/cpesr 

The instance of wikidata item Q177859 is unknown by wikidataESR: accord.
  Default level (size of the node) is set to 4.
  Please check the property P31 at https://www.wikidata.org/wiki/Q177859
  using the guideline at https://github.com/cpesr 

The instance of wikidata item Q241748 is unknown by wikidataESR: pays historique.
  Default level (size of the node) is set to 4.
  Please check the property P31 at https://www.wikidata.org/wiki/Q241748
  using the guideline at https://github.com/cpesr 

The instance of wikidata item Q188712 is unknown by wikidataESR: empire.
  Default level (size of the node) is set to 4.
  Please check the property P31 at https://www.wikidata.org/wiki/Q188712
  using the guideline at https://github.com/cpesr 

The instance of wikidata item Q167360 is unknown by wikidataESR: république.
  Default level (size of the node) is set to 4.
  Please check the property P31 at https://www.wikidata.org/wiki/Q167360
  using the guideline at https://github.com/cpesr 

The instance of wikidata item Q209065 is unknown by wikidataESR: royaume.
  Default level (size of the node) is set to 4.
  Please check the property P31 at https://www.wikidata.org/wiki/Q209065
  using the guideline at https://github.com/cpesr 

The instance of wikidata item Q13426199 is unknown by wikidataESR: époque.
  Default level (size of the node) is set to 4.
  Please check the property P31 at https://www.wikidata.org/wiki/Q13426199
  using the guideline at https://github.com/cpesr 

The instance of wikidata item Q7252740 is unknown by wikidataESR: gouvernement provisoire.
  Default level (size of the node) is set to 4.
  Please check the property P31 at https://www.wikidata.org/wiki/Q7252740
  using the guideline at https://github.com/cpesr 

The instance of wikidata item Q10876448 is not set.
  Default level (size of the node) is set to 7.
  Please check the property P31 at https://www.wikidata.org/wiki/Q10876448
  using the guideline at https://github.com/cpesr 

The instance of wikidata item Q10876448 is not recommended: statut manquant.
  Reason is: Absence de propriété P31 (instance_of/nature de l'élément).
  Please check https://www.wikidata.org/wiki/Q10876448
  using the guideline at https://github.com/cpesr 

'x' is NULL so the result will be NULL 

