Warnings pour : Université_Paris-Saclay_@UnivParisSaclay
Edition wikidata : https://www.wikidata.org/wiki/Q13531686 

The instance of wikidata item Q4393524 is not recommended: institut de recherche.
  Reason is: Statut pas assez précis.
  Please check https://www.wikidata.org/wiki/Q4393524
  using the guideline at https://github.com/cpesr 

The instance of wikidata item Q1156553 is not recommended: institut de recherche.
  Reason is: Statut pas assez précis.
  Please check https://www.wikidata.org/wiki/Q1156553
  using the guideline at https://github.com/cpesr 

The instance of wikidata item Q273447 is not recommended: école d'ingé.
  Reason is: Statut pas assez précis.
  Please check https://www.wikidata.org/wiki/Q273447
  using the guideline at https://github.com/cpesr 

The instance of wikidata item Q838454 is not recommended: Grande ecole.
  Reason is: Réserver aux écoles non contemporaines.
  Please check https://www.wikidata.org/wiki/Q838454
  using the guideline at https://github.com/cpesr 

The instance of wikidata item Q273493 is not recommended: école d'ingé.
  Reason is: Statut pas assez précis.
  Please check https://www.wikidata.org/wiki/Q273493
  using the guideline at https://github.com/cpesr 

The instance of wikidata item Q1275372 is not recommended: Grande ecole.
  Reason is: Réserver aux écoles non contemporaines.
  Please check https://www.wikidata.org/wiki/Q1275372
  using the guideline at https://github.com/cpesr 

The instance of wikidata item Q7885718 is not recommended: école d'ingé.
  Reason is: Statut pas assez précis.
  Please check https://www.wikidata.org/wiki/Q7885718
  using the guideline at https://github.com/cpesr 

The instance of wikidata item Q30262143 is not recommended: site.
  Reason is: Statut pas assez précis.
  Please check https://www.wikidata.org/wiki/Q30262143
  using the guideline at https://github.com/cpesr 

The instance of wikidata item Q98094372 is not recommended: laboratoire.
  Reason is: Statut pas assez précis.
  Please check https://www.wikidata.org/wiki/Q98094372
  using the guideline at https://github.com/cpesr 

The instance of wikidata item Q52606352 is not recommended: laboratoire.
  Reason is: Statut pas assez précis.
  Please check https://www.wikidata.org/wiki/Q52606352
  using the guideline at https://github.com/cpesr 

The instance of wikidata item Q98094403 is not recommended: laboratoire.
  Reason is: Statut pas assez précis.
  Please check https://www.wikidata.org/wiki/Q98094403
  using the guideline at https://github.com/cpesr 

The instance of wikidata item Q52606352 is not recommended: laboratoire.
  Reason is: Statut pas assez précis.
  Please check https://www.wikidata.org/wiki/Q52606352
  using the guideline at https://github.com/cpesr 

The instance of wikidata item Q30262143 is not recommended: site.
  Reason is: Statut pas assez précis.
  Please check https://www.wikidata.org/wiki/Q30262143
  using the guideline at https://github.com/cpesr 

The instance of wikidata item Q51780589 is not recommended: laboratoire.
  Reason is: Statut pas assez précis.
  Please check https://www.wikidata.org/wiki/Q51780589
  using the guideline at https://github.com/cpesr 

The instance of wikidata item Q30262186 is not recommended: site.
  Reason is: Statut pas assez précis.
  Please check https://www.wikidata.org/wiki/Q30262186
  using the guideline at https://github.com/cpesr 

The instance of wikidata item Q51781077 is not recommended: laboratoire.
  Reason is: Statut pas assez précis.
  Please check https://www.wikidata.org/wiki/Q51781077
  using the guideline at https://github.com/cpesr 

The instance of wikidata item Q51782390 is not recommended: laboratoire.
  Reason is: Statut pas assez précis.
  Please check https://www.wikidata.org/wiki/Q51782390
  using the guideline at https://github.com/cpesr 

The instance of wikidata item Q29624201 is not recommended: institut de recherche.
  Reason is: Statut pas assez précis.
  Please check https://www.wikidata.org/wiki/Q29624201
  using the guideline at https://github.com/cpesr 

The instance of wikidata item Q51785320 is not recommended: laboratoire.
  Reason is: Statut pas assez précis.
  Please check https://www.wikidata.org/wiki/Q51785320
  using the guideline at https://github.com/cpesr 

The instance of wikidata item Q47520094 is not recommended: centre de recherche.
  Reason is: Statut pas assez précis.
  Please check https://www.wikidata.org/wiki/Q47520094
  using the guideline at https://github.com/cpesr 

The instance of wikidata item Q51782140 is not recommended: laboratoire.
  Reason is: Statut pas assez précis.
  Please check https://www.wikidata.org/wiki/Q51782140
  using the guideline at https://github.com/cpesr 

The instance of wikidata item Q51781591 is not recommended: laboratoire.
  Reason is: Statut pas assez précis.
  Please check https://www.wikidata.org/wiki/Q51781591
  using the guideline at https://github.com/cpesr 

The instance of wikidata item Q47008419 is not recommended: centre de recherche.
  Reason is: Statut pas assez précis.
  Please check https://www.wikidata.org/wiki/Q47008419
  using the guideline at https://github.com/cpesr 

The instance of wikidata item Q2945821 is not recommended: laboratoire.
  Reason is: Statut pas assez précis.
  Please check https://www.wikidata.org/wiki/Q2945821
  using the guideline at https://github.com/cpesr 

The instance of wikidata item Q51783587 is not recommended: laboratoire.
  Reason is: Statut pas assez précis.
  Please check https://www.wikidata.org/wiki/Q51783587
  using the guideline at https://github.com/cpesr 

The instance of wikidata item Q51784186 is not recommended: laboratoire.
  Reason is: Statut pas assez précis.
  Please check https://www.wikidata.org/wiki/Q51784186
  using the guideline at https://github.com/cpesr 

The instance of wikidata item Q51785421 is not recommended: laboratoire.
  Reason is: Statut pas assez précis.
  Please check https://www.wikidata.org/wiki/Q51785421
  using the guideline at https://github.com/cpesr 

The instance of wikidata item Q51781188 is not recommended: laboratoire.
  Reason is: Statut pas assez précis.
  Please check https://www.wikidata.org/wiki/Q51781188
  using the guideline at https://github.com/cpesr 

The instance of wikidata item Q52604715 is not recommended: laboratoire.
  Reason is: Statut pas assez précis.
  Please check https://www.wikidata.org/wiki/Q52604715
  using the guideline at https://github.com/cpesr 

The instance of wikidata item Q52605393 is not recommended: laboratoire.
  Reason is: Statut pas assez précis.
  Please check https://www.wikidata.org/wiki/Q52605393
  using the guideline at https://github.com/cpesr 

The instance of wikidata item Q36875103 is not recommended: organisation.
  Reason is: Statut pas assez précis.
  Please check https://www.wikidata.org/wiki/Q36875103
  using the guideline at https://github.com/cpesr 

The instance of wikidata item Q51782089 is not recommended: laboratoire.
  Reason is: Statut pas assez précis.
  Please check https://www.wikidata.org/wiki/Q51782089
  using the guideline at https://github.com/cpesr 

The instance of wikidata item Q51778773 is not recommended: laboratoire.
  Reason is: Statut pas assez précis.
  Please check https://www.wikidata.org/wiki/Q51778773
  using the guideline at https://github.com/cpesr 

The instance of wikidata item Q51780517 is not recommended: laboratoire.
  Reason is: Statut pas assez précis.
  Please check https://www.wikidata.org/wiki/Q51780517
  using the guideline at https://github.com/cpesr 

The instance of wikidata item Q3074480 is not recommended: institut universitaire.
  Reason is: Statut pas assez précis.
  Please check https://www.wikidata.org/wiki/Q3074480
  using the guideline at https://github.com/cpesr 

The instance of wikidata item Q51784520 is not recommended: laboratoire.
  Reason is: Statut pas assez précis.
  Please check https://www.wikidata.org/wiki/Q51784520
  using the guideline at https://github.com/cpesr 

The instance of wikidata item Q51783989 is not recommended: laboratoire.
  Reason is: Statut pas assez précis.
  Please check https://www.wikidata.org/wiki/Q51783989
  using the guideline at https://github.com/cpesr 

The instance of wikidata item Q51782010 is not recommended: laboratoire.
  Reason is: Statut pas assez précis.
  Please check https://www.wikidata.org/wiki/Q51782010
  using the guideline at https://github.com/cpesr 

The instance of wikidata item Q3100800 is not recommended: institut de recherche.
  Reason is: Statut pas assez précis.
  Please check https://www.wikidata.org/wiki/Q3100800
  using the guideline at https://github.com/cpesr 

The instance of wikidata item Q51785052 is not recommended: laboratoire.
  Reason is: Statut pas assez précis.
  Please check https://www.wikidata.org/wiki/Q51785052
  using the guideline at https://github.com/cpesr 

The instance of wikidata item Q30282474 is not recommended: site.
  Reason is: Statut pas assez précis.
  Please check https://www.wikidata.org/wiki/Q30282474
  using the guideline at https://github.com/cpesr 

The instance of wikidata item Q51781994 is not recommended: laboratoire.
  Reason is: Statut pas assez précis.
  Please check https://www.wikidata.org/wiki/Q51781994
  using the guideline at https://github.com/cpesr 

The instance of wikidata item Q51782112 is not recommended: laboratoire.
  Reason is: Statut pas assez précis.
  Please check https://www.wikidata.org/wiki/Q51782112
  using the guideline at https://github.com/cpesr 

The instance of wikidata item Q51781667 is not recommended: laboratoire.
  Reason is: Statut pas assez précis.
  Please check https://www.wikidata.org/wiki/Q51781667
  using the guideline at https://github.com/cpesr 

The instance of wikidata item Q51780703 is not recommended: laboratoire.
  Reason is: Statut pas assez précis.
  Please check https://www.wikidata.org/wiki/Q51780703
  using the guideline at https://github.com/cpesr 

The instance of wikidata item Q51781269 is not recommended: laboratoire.
  Reason is: Statut pas assez précis.
  Please check https://www.wikidata.org/wiki/Q51781269
  using the guideline at https://github.com/cpesr 

The instance of wikidata item Q2388377 is not recommended: agence publique.
  Reason is: Statut pas assez précis.
  Please check https://www.wikidata.org/wiki/Q2388377
  using the guideline at https://github.com/cpesr 

The instance of wikidata item Q19945099 is not recommended: institut de recherche.
  Reason is: Statut pas assez précis.
  Please check https://www.wikidata.org/wiki/Q19945099
  using the guideline at https://github.com/cpesr 

The instance of wikidata item Q51782564 is not recommended: laboratoire.
  Reason is: Statut pas assez précis.
  Please check https://www.wikidata.org/wiki/Q51782564
  using the guideline at https://github.com/cpesr 

The instance of wikidata item Q52606886 is not recommended: laboratoire.
  Reason is: Statut pas assez précis.
  Please check https://www.wikidata.org/wiki/Q52606886
  using the guideline at https://github.com/cpesr 

The instance of wikidata item Q51783924 is not recommended: laboratoire.
  Reason is: Statut pas assez précis.
  Please check https://www.wikidata.org/wiki/Q51783924
  using the guideline at https://github.com/cpesr 

The instance of wikidata item Q51784779 is not recommended: laboratoire.
  Reason is: Statut pas assez précis.
  Please check https://www.wikidata.org/wiki/Q51784779
  using the guideline at https://github.com/cpesr 

The instance of wikidata item Q3133097 is not recommended: organisation.
  Reason is: Statut pas assez précis.
  Please check https://www.wikidata.org/wiki/Q3133097
  using the guideline at https://github.com/cpesr 

The instance of wikidata item Q3152216 is not recommended: laboratoire.
  Reason is: Statut pas assez précis.
  Please check https://www.wikidata.org/wiki/Q3152216
  using the guideline at https://github.com/cpesr 

The instance of wikidata item Q51781563 is not recommended: laboratoire.
  Reason is: Statut pas assez précis.
  Please check https://www.wikidata.org/wiki/Q51781563
  using the guideline at https://github.com/cpesr 

The instance of wikidata item Q106411948 is not recommended: site.
  Reason is: Statut pas assez précis.
  Please check https://www.wikidata.org/wiki/Q106411948
  using the guideline at https://github.com/cpesr 

The instance of wikidata item Q51781179 is not recommended: laboratoire.
  Reason is: Statut pas assez précis.
  Please check https://www.wikidata.org/wiki/Q51781179
  using the guideline at https://github.com/cpesr 

The instance of wikidata item Q30281727 is not recommended: site.
  Reason is: Statut pas assez précis.
  Please check https://www.wikidata.org/wiki/Q30281727
  using the guideline at https://github.com/cpesr 

The instance of wikidata item Q51782948 is not recommended: laboratoire.
  Reason is: Statut pas assez précis.
  Please check https://www.wikidata.org/wiki/Q51782948
  using the guideline at https://github.com/cpesr 

The instance of wikidata item Q3151794 is not recommended: organisation.
  Reason is: Statut pas assez précis.
  Please check https://www.wikidata.org/wiki/Q3151794
  using the guideline at https://github.com/cpesr 

The instance of wikidata item Q3214360 is not recommended: institut de recherche.
  Reason is: Statut pas assez précis.
  Please check https://www.wikidata.org/wiki/Q3214360
  using the guideline at https://github.com/cpesr 

The instance of wikidata item Q3214361 is not recommended: institut de recherche.
  Reason is: Statut pas assez précis.
  Please check https://www.wikidata.org/wiki/Q3214361
  using the guideline at https://github.com/cpesr 

The instance of wikidata item Q29625240 is not recommended: institut de recherche.
  Reason is: Statut pas assez précis.
  Please check https://www.wikidata.org/wiki/Q29625240
  using the guideline at https://github.com/cpesr 

The instance of wikidata item Q51786239 is not recommended: laboratoire.
  Reason is: Statut pas assez précis.
  Please check https://www.wikidata.org/wiki/Q51786239
  using the guideline at https://github.com/cpesr 

The instance of wikidata item Q51781798 is not recommended: laboratoire.
  Reason is: Statut pas assez précis.
  Please check https://www.wikidata.org/wiki/Q51781798
  using the guideline at https://github.com/cpesr 

The instance of wikidata item Q3214466 is not recommended: institut universitaire.
  Reason is: Statut pas assez précis.
  Please check https://www.wikidata.org/wiki/Q3214466
  using the guideline at https://github.com/cpesr 

The instance of wikidata item Q100956135 is not recommended: institut de recherche.
  Reason is: Statut pas assez précis.
  Please check https://www.wikidata.org/wiki/Q100956135
  using the guideline at https://github.com/cpesr 

The instance of wikidata item Q3214477 is not recommended: institut de recherche.
  Reason is: Statut pas assez précis.
  Please check https://www.wikidata.org/wiki/Q3214477
  using the guideline at https://github.com/cpesr 

The instance of wikidata item Q30261419 is not recommended: site.
  Reason is: Statut pas assez précis.
  Please check https://www.wikidata.org/wiki/Q30261419
  using the guideline at https://github.com/cpesr 

The instance of wikidata item Q30262248 is not recommended: site.
  Reason is: Statut pas assez précis.
  Please check https://www.wikidata.org/wiki/Q30262248
  using the guideline at https://github.com/cpesr 

The instance of wikidata item Q30262478 is not recommended: site.
  Reason is: Statut pas assez précis.
  Please check https://www.wikidata.org/wiki/Q30262478
  using the guideline at https://github.com/cpesr 

The instance of wikidata item Q30252809 is not recommended: site.
  Reason is: Statut pas assez précis.
  Please check https://www.wikidata.org/wiki/Q30252809
  using the guideline at https://github.com/cpesr 

The instance of wikidata item Q30281526 is not recommended: site.
  Reason is: Statut pas assez précis.
  Please check https://www.wikidata.org/wiki/Q30281526
  using the guideline at https://github.com/cpesr 

The instance of wikidata item Q30281568 is not recommended: site.
  Reason is: Statut pas assez précis.
  Please check https://www.wikidata.org/wiki/Q30281568
  using the guideline at https://github.com/cpesr 

The instance of wikidata item Q30281570 is not recommended: site.
  Reason is: Statut pas assez précis.
  Please check https://www.wikidata.org/wiki/Q30281570
  using the guideline at https://github.com/cpesr 

The instance of wikidata item Q30281572 is not recommended: site.
  Reason is: Statut pas assez précis.
  Please check https://www.wikidata.org/wiki/Q30281572
  using the guideline at https://github.com/cpesr 

The instance of wikidata item Q30281587 is not recommended: site.
  Reason is: Statut pas assez précis.
  Please check https://www.wikidata.org/wiki/Q30281587
  using the guideline at https://github.com/cpesr 

The instance of wikidata item Q30281626 is not recommended: site.
  Reason is: Statut pas assez précis.
  Please check https://www.wikidata.org/wiki/Q30281626
  using the guideline at https://github.com/cpesr 

The instance of wikidata item Q30281972 is not recommended: site.
  Reason is: Statut pas assez précis.
  Please check https://www.wikidata.org/wiki/Q30281972
  using the guideline at https://github.com/cpesr 

The instance of wikidata item Q30281973 is not recommended: site.
  Reason is: Statut pas assez précis.
  Please check https://www.wikidata.org/wiki/Q30281973
  using the guideline at https://github.com/cpesr 

The instance of wikidata item Q30282483 is not recommended: site.
  Reason is: Statut pas assez précis.
  Please check https://www.wikidata.org/wiki/Q30282483
  using the guideline at https://github.com/cpesr 

The instance of wikidata item Q30255705 is not recommended: site.
  Reason is: Statut pas assez précis.
  Please check https://www.wikidata.org/wiki/Q30255705
  using the guideline at https://github.com/cpesr 

The instance of wikidata item Q30290033 is not recommended: site.
  Reason is: Statut pas assez précis.
  Please check https://www.wikidata.org/wiki/Q30290033
  using the guideline at https://github.com/cpesr 

The instance of wikidata item Q30259275 is not recommended: agence publique.
  Reason is: Statut pas assez précis.
  Please check https://www.wikidata.org/wiki/Q30259275
  using the guideline at https://github.com/cpesr 

The instance of wikidata item Q30259279 is not recommended: agence publique.
  Reason is: Statut pas assez précis.
  Please check https://www.wikidata.org/wiki/Q30259279
  using the guideline at https://github.com/cpesr 

The instance of wikidata item Q30259281 is not recommended: site.
  Reason is: Statut pas assez précis.
  Please check https://www.wikidata.org/wiki/Q30259281
  using the guideline at https://github.com/cpesr 

The instance of wikidata item Q30259284 is not recommended: agence publique.
  Reason is: Statut pas assez précis.
  Please check https://www.wikidata.org/wiki/Q30259284
  using the guideline at https://github.com/cpesr 

The instance of wikidata item Q30259287 is not recommended: site.
  Reason is: Statut pas assez précis.
  Please check https://www.wikidata.org/wiki/Q30259287
  using the guideline at https://github.com/cpesr 

The instance of wikidata item Q30259293 is not recommended: agence publique.
  Reason is: Statut pas assez précis.
  Please check https://www.wikidata.org/wiki/Q30259293
  using the guideline at https://github.com/cpesr 

The instance of wikidata item Q30259303 is not recommended: agence publique.
  Reason is: Statut pas assez précis.
  Please check https://www.wikidata.org/wiki/Q30259303
  using the guideline at https://github.com/cpesr 

The instance of wikidata item Q30260870 is not recommended: agence publique.
  Reason is: Statut pas assez précis.
  Please check https://www.wikidata.org/wiki/Q30260870
  using the guideline at https://github.com/cpesr 

The instance of wikidata item Q30260871 is not recommended: agence publique.
  Reason is: Statut pas assez précis.
  Please check https://www.wikidata.org/wiki/Q30260871
  using the guideline at https://github.com/cpesr 

The instance of wikidata item Q30260873 is not recommended: agence publique.
  Reason is: Statut pas assez précis.
  Please check https://www.wikidata.org/wiki/Q30260873
  using the guideline at https://github.com/cpesr 

The instance of wikidata item Q30260874 is not recommended: agence publique.
  Reason is: Statut pas assez précis.
  Please check https://www.wikidata.org/wiki/Q30260874
  using the guideline at https://github.com/cpesr 

The instance of wikidata item Q30260875 is not recommended: agence publique.
  Reason is: Statut pas assez précis.
  Please check https://www.wikidata.org/wiki/Q30260875
  using the guideline at https://github.com/cpesr 

The instance of wikidata item Q30260877 is not recommended: agence publique.
  Reason is: Statut pas assez précis.
  Please check https://www.wikidata.org/wiki/Q30260877
  using the guideline at https://github.com/cpesr 

The instance of wikidata item Q30260881 is not recommended: agence publique.
  Reason is: Statut pas assez précis.
  Please check https://www.wikidata.org/wiki/Q30260881
  using the guideline at https://github.com/cpesr 

The instance of wikidata item Q30260882 is not recommended: agence publique.
  Reason is: Statut pas assez précis.
  Please check https://www.wikidata.org/wiki/Q30260882
  using the guideline at https://github.com/cpesr 

The instance of wikidata item Q30261401 is not recommended: site.
  Reason is: Statut pas assez précis.
  Please check https://www.wikidata.org/wiki/Q30261401
  using the guideline at https://github.com/cpesr 

The instance of wikidata item Q30261414 is not recommended: site.
  Reason is: Statut pas assez précis.
  Please check https://www.wikidata.org/wiki/Q30261414
  using the guideline at https://github.com/cpesr 

The instance of wikidata item Q30261417 is not recommended: site.
  Reason is: Statut pas assez précis.
  Please check https://www.wikidata.org/wiki/Q30261417
  using the guideline at https://github.com/cpesr 

The instance of wikidata item Q30261418 is not recommended: site.
  Reason is: Statut pas assez précis.
  Please check https://www.wikidata.org/wiki/Q30261418
  using the guideline at https://github.com/cpesr 

The instance of wikidata item Q30261421 is not recommended: site.
  Reason is: Statut pas assez précis.
  Please check https://www.wikidata.org/wiki/Q30261421
  using the guideline at https://github.com/cpesr 

The instance of wikidata item Q30261422 is not recommended: site.
  Reason is: Statut pas assez précis.
  Please check https://www.wikidata.org/wiki/Q30261422
  using the guideline at https://github.com/cpesr 

The instance of wikidata item Q30261423 is not recommended: site.
  Reason is: Statut pas assez précis.
  Please check https://www.wikidata.org/wiki/Q30261423
  using the guideline at https://github.com/cpesr 

The instance of wikidata item Q30261483 is not recommended: site.
  Reason is: Statut pas assez précis.
  Please check https://www.wikidata.org/wiki/Q30261483
  using the guideline at https://github.com/cpesr 

The instance of wikidata item Q30261488 is not recommended: site.
  Reason is: Statut pas assez précis.
  Please check https://www.wikidata.org/wiki/Q30261488
  using the guideline at https://github.com/cpesr 

The instance of wikidata item Q30261515 is not recommended: site.
  Reason is: Statut pas assez précis.
  Please check https://www.wikidata.org/wiki/Q30261515
  using the guideline at https://github.com/cpesr 

The instance of wikidata item Q30261518 is not recommended: site.
  Reason is: Statut pas assez précis.
  Please check https://www.wikidata.org/wiki/Q30261518
  using the guideline at https://github.com/cpesr 

The instance of wikidata item Q16511692 is not recommended: laboratoire.
  Reason is: Statut pas assez précis.
  Please check https://www.wikidata.org/wiki/Q16511692
  using the guideline at https://github.com/cpesr 

The instance of wikidata item Q30262198 is not recommended: site.
  Reason is: Statut pas assez précis.
  Please check https://www.wikidata.org/wiki/Q30262198
  using the guideline at https://github.com/cpesr 

The instance of wikidata item Q30262320 is not recommended: site.
  Reason is: Statut pas assez précis.
  Please check https://www.wikidata.org/wiki/Q30262320
  using the guideline at https://github.com/cpesr 

The instance of wikidata item Q22110485 is not recommended: laboratoire.
  Reason is: Statut pas assez précis.
  Please check https://www.wikidata.org/wiki/Q22110485
  using the guideline at https://github.com/cpesr 

The instance of wikidata item Q30263345 is not recommended: site.
  Reason is: Statut pas assez précis.
  Please check https://www.wikidata.org/wiki/Q30263345
  using the guideline at https://github.com/cpesr 

The instance of wikidata item Q30263800 is not recommended: site.
  Reason is: Statut pas assez précis.
  Please check https://www.wikidata.org/wiki/Q30263800
  using the guideline at https://github.com/cpesr 

The instance of wikidata item Q36875379 is not recommended: site.
  Reason is: Statut pas assez précis.
  Please check https://www.wikidata.org/wiki/Q36875379
  using the guideline at https://github.com/cpesr 

The instance of wikidata item Q50035265 is not recommended: site.
  Reason is: Statut pas assez précis.
  Please check https://www.wikidata.org/wiki/Q50035265
  using the guideline at https://github.com/cpesr 

The instance of wikidata item Q30262152 is not recommended: site.
  Reason is: Statut pas assez précis.
  Please check https://www.wikidata.org/wiki/Q30262152
  using the guideline at https://github.com/cpesr 

The instance of wikidata item Q107429572 is unknown by wikidataESR: comité d'éthique.
  Default level (size of the node) is set to 4.
  Please check the property P31 at https://www.wikidata.org/wiki/Q107429572
  using the guideline at https://github.com/cpesr 

The instance of wikidata item Q30262197 is not recommended: site.
  Reason is: Statut pas assez précis.
  Please check https://www.wikidata.org/wiki/Q30262197
  using the guideline at https://github.com/cpesr 

The instance of wikidata item Q30296505 is not recommended: site.
  Reason is: Statut pas assez précis.
  Please check https://www.wikidata.org/wiki/Q30296505
  using the guideline at https://github.com/cpesr 

The instance of wikidata item Q30262488 is not recommended: site.
  Reason is: Statut pas assez précis.
  Please check https://www.wikidata.org/wiki/Q30262488
  using the guideline at https://github.com/cpesr 

The instance of wikidata item Q30262490 is not recommended: site.
  Reason is: Statut pas assez précis.
  Please check https://www.wikidata.org/wiki/Q30262490
  using the guideline at https://github.com/cpesr 

The instance of wikidata item Q30262486 is not recommended: site.
  Reason is: Statut pas assez précis.
  Please check https://www.wikidata.org/wiki/Q30262486
  using the guideline at https://github.com/cpesr 

The instance of wikidata item Q30262491 is not recommended: site.
  Reason is: Statut pas assez précis.
  Please check https://www.wikidata.org/wiki/Q30262491
  using the guideline at https://github.com/cpesr 

The instance of wikidata item Q30267170 is not recommended: site.
  Reason is: Statut pas assez précis.
  Please check https://www.wikidata.org/wiki/Q30267170
  using the guideline at https://github.com/cpesr 

The instance of wikidata item Q30261503 is not recommended: site.
  Reason is: Statut pas assez précis.
  Please check https://www.wikidata.org/wiki/Q30261503
  using the guideline at https://github.com/cpesr 

The instance of wikidata item Q30262161 is not recommended: site.
  Reason is: Statut pas assez précis.
  Please check https://www.wikidata.org/wiki/Q30262161
  using the guideline at https://github.com/cpesr 

The instance of wikidata item Q30262506 is not recommended: site.
  Reason is: Statut pas assez précis.
  Please check https://www.wikidata.org/wiki/Q30262506
  using the guideline at https://github.com/cpesr 

The instance of wikidata item Q30262526 is not recommended: site.
  Reason is: Statut pas assez précis.
  Please check https://www.wikidata.org/wiki/Q30262526
  using the guideline at https://github.com/cpesr 

The instance of wikidata item Q30262447 is not recommended: site.
  Reason is: Statut pas assez précis.
  Please check https://www.wikidata.org/wiki/Q30262447
  using the guideline at https://github.com/cpesr 

The instance of wikidata item Q30265556 is not recommended: site.
  Reason is: Statut pas assez précis.
  Please check https://www.wikidata.org/wiki/Q30265556
  using the guideline at https://github.com/cpesr 

The instance of wikidata item Q50040744 is not recommended: site.
  Reason is: Statut pas assez précis.
  Please check https://www.wikidata.org/wiki/Q50040744
  using the guideline at https://github.com/cpesr 

The instance of wikidata item Q30296202 is not recommended: site.
  Reason is: Statut pas assez précis.
  Please check https://www.wikidata.org/wiki/Q30296202
  using the guideline at https://github.com/cpesr 

The instance of wikidata item Q30262385 is not recommended: site.
  Reason is: Statut pas assez précis.
  Please check https://www.wikidata.org/wiki/Q30262385
  using the guideline at https://github.com/cpesr 

The instance of wikidata item Q30262154 is not recommended: site.
  Reason is: Statut pas assez précis.
  Please check https://www.wikidata.org/wiki/Q30262154
  using the guideline at https://github.com/cpesr 

The instance of wikidata item Q30262268 is not recommended: site.
  Reason is: Statut pas assez précis.
  Please check https://www.wikidata.org/wiki/Q30262268
  using the guideline at https://github.com/cpesr 

The instance of wikidata item Q30262212 is not recommended: site.
  Reason is: Statut pas assez précis.
  Please check https://www.wikidata.org/wiki/Q30262212
  using the guideline at https://github.com/cpesr 

The instance of wikidata item Q30262501 is not recommended: site.
  Reason is: Statut pas assez précis.
  Please check https://www.wikidata.org/wiki/Q30262501
  using the guideline at https://github.com/cpesr 

The instance of wikidata item Q30262291 is not recommended: site.
  Reason is: Statut pas assez précis.
  Please check https://www.wikidata.org/wiki/Q30262291
  using the guideline at https://github.com/cpesr 

The instance of wikidata item Q30262260 is not recommended: site.
  Reason is: Statut pas assez précis.
  Please check https://www.wikidata.org/wiki/Q30262260
  using the guideline at https://github.com/cpesr 

The instance of wikidata item Q30262482 is not recommended: site.
  Reason is: Statut pas assez précis.
  Please check https://www.wikidata.org/wiki/Q30262482
  using the guideline at https://github.com/cpesr 

The instance of wikidata item Q30262196 is not recommended: site.
  Reason is: Statut pas assez précis.
  Please check https://www.wikidata.org/wiki/Q30262196
  using the guideline at https://github.com/cpesr 

The instance of wikidata item Q30262365 is not recommended: site.
  Reason is: Statut pas assez précis.
  Please check https://www.wikidata.org/wiki/Q30262365
  using the guideline at https://github.com/cpesr 

The instance of wikidata item Q30265120 is not recommended: site.
  Reason is: Statut pas assez précis.
  Please check https://www.wikidata.org/wiki/Q30265120
  using the guideline at https://github.com/cpesr 

The instance of wikidata item Q30262317 is not recommended: site.
  Reason is: Statut pas assez précis.
  Please check https://www.wikidata.org/wiki/Q30262317
  using the guideline at https://github.com/cpesr 

The instance of wikidata item Q59535271 is not recommended: institution éducative.
  Reason is: Statut pas assez précis.
  Please check https://www.wikidata.org/wiki/Q59535271
  using the guideline at https://github.com/cpesr 

The instance of wikidata item Q3214506 is not recommended: laboratoire.
  Reason is: Statut pas assez précis.
  Please check https://www.wikidata.org/wiki/Q3214506
  using the guideline at https://github.com/cpesr 

The instance of wikidata item Q16009025 is not recommended: laboratoire.
  Reason is: Statut pas assez précis.
  Please check https://www.wikidata.org/wiki/Q16009025
  using the guideline at https://github.com/cpesr 

The instance of wikidata item Q21619458 is not recommended: institut de recherche.
  Reason is: Statut pas assez précis.
  Please check https://www.wikidata.org/wiki/Q21619458
  using the guideline at https://github.com/cpesr 

The instance of wikidata item Q30282253 is not recommended: agence publique.
  Reason is: Statut pas assez précis.
  Please check https://www.wikidata.org/wiki/Q30282253
  using the guideline at https://github.com/cpesr 

The instance of wikidata item Q30299415 is not recommended: agence publique.
  Reason is: Statut pas assez précis.
  Please check https://www.wikidata.org/wiki/Q30299415
  using the guideline at https://github.com/cpesr 

The instance of wikidata item Q41566944 is not recommended: agence publique.
  Reason is: Statut pas assez précis.
  Please check https://www.wikidata.org/wiki/Q41566944
  using the guideline at https://github.com/cpesr 

The instance of wikidata item Q30299418 is not recommended: agence publique.
  Reason is: Statut pas assez précis.
  Please check https://www.wikidata.org/wiki/Q30299418
  using the guideline at https://github.com/cpesr 

The instance of wikidata item Q3029508 is not recommended: agence publique.
  Reason is: Statut pas assez précis.
  Please check https://www.wikidata.org/wiki/Q3029508
  using the guideline at https://github.com/cpesr 

The instance of wikidata item Q30299434 is not recommended: agence publique.
  Reason is: Statut pas assez précis.
  Please check https://www.wikidata.org/wiki/Q30299434
  using the guideline at https://github.com/cpesr 

The instance of wikidata item Q2931224 is not recommended: institut de recherche.
  Reason is: Statut pas assez précis.
  Please check https://www.wikidata.org/wiki/Q2931224
  using the guideline at https://github.com/cpesr 

The instance of wikidata item Q17066599 is not recommended: institut de recherche.
  Reason is: Statut pas assez précis.
  Please check https://www.wikidata.org/wiki/Q17066599
  using the guideline at https://github.com/cpesr 

The instance of wikidata item Q3116487 is not recommended: institut de recherche.
  Reason is: Statut pas assez précis.
  Please check https://www.wikidata.org/wiki/Q3116487
  using the guideline at https://github.com/cpesr 

The instance of wikidata item Q30261490 is not recommended: site.
  Reason is: Statut pas assez précis.
  Please check https://www.wikidata.org/wiki/Q30261490
  using the guideline at https://github.com/cpesr 

The instance of wikidata item Q30261530 is not recommended: site.
  Reason is: Statut pas assez précis.
  Please check https://www.wikidata.org/wiki/Q30261530
  using the guideline at https://github.com/cpesr 

The instance of wikidata item Q30261613 is not recommended: site.
  Reason is: Statut pas assez précis.
  Please check https://www.wikidata.org/wiki/Q30261613
  using the guideline at https://github.com/cpesr 

The instance of wikidata item Q30264372 is not recommended: site.
  Reason is: Statut pas assez précis.
  Please check https://www.wikidata.org/wiki/Q30264372
  using the guideline at https://github.com/cpesr 

The instance of wikidata item Q30299435 is not recommended: site.
  Reason is: Statut pas assez précis.
  Please check https://www.wikidata.org/wiki/Q30299435
  using the guideline at https://github.com/cpesr 

The instance of wikidata item Q30299436 is not recommended: site.
  Reason is: Statut pas assez précis.
  Please check https://www.wikidata.org/wiki/Q30299436
  using the guideline at https://github.com/cpesr 

The instance of wikidata item Q30299437 is not recommended: site.
  Reason is: Statut pas assez précis.
  Please check https://www.wikidata.org/wiki/Q30299437
  using the guideline at https://github.com/cpesr 

The instance of wikidata item Q30299438 is not recommended: agence publique.
  Reason is: Statut pas assez précis.
  Please check https://www.wikidata.org/wiki/Q30299438
  using the guideline at https://github.com/cpesr 

The instance of wikidata item Q30299439 is not recommended: agence publique.
  Reason is: Statut pas assez précis.
  Please check https://www.wikidata.org/wiki/Q30299439
  using the guideline at https://github.com/cpesr 

The instance of wikidata item Q30261410 is not recommended: site.
  Reason is: Statut pas assez précis.
  Please check https://www.wikidata.org/wiki/Q30261410
  using the guideline at https://github.com/cpesr 

The instance of wikidata item Q30299469 is not recommended: agence publique.
  Reason is: Statut pas assez précis.
  Please check https://www.wikidata.org/wiki/Q30299469
  using the guideline at https://github.com/cpesr 

The instance of wikidata item Q30299470 is not recommended: agence publique.
  Reason is: Statut pas assez précis.
  Please check https://www.wikidata.org/wiki/Q30299470
  using the guideline at https://github.com/cpesr 

The instance of wikidata item Q855102 is not recommended: institut de recherche.
  Reason is: Statut pas assez précis.
  Please check https://www.wikidata.org/wiki/Q855102
  using the guideline at https://github.com/cpesr 

The instance of wikidata item Q30299476 is not recommended: agence publique.
  Reason is: Statut pas assez précis.
  Please check https://www.wikidata.org/wiki/Q30299476
  using the guideline at https://github.com/cpesr 

The instance of wikidata item Q30299477 is not recommended: agence publique.
  Reason is: Statut pas assez précis.
  Please check https://www.wikidata.org/wiki/Q30299477
  using the guideline at https://github.com/cpesr 

The instance of wikidata item Q3553525 is not recommended: centre de recherche.
  Reason is: Statut pas assez précis.
  Please check https://www.wikidata.org/wiki/Q3553525
  using the guideline at https://github.com/cpesr 

The instance of wikidata item Q2945234 is not recommended: agence publique.
  Reason is: Statut pas assez précis.
  Please check https://www.wikidata.org/wiki/Q2945234
  using the guideline at https://github.com/cpesr 

The instance of wikidata item Q2931222 is not recommended: institut de recherche.
  Reason is: Statut pas assez précis.
  Please check https://www.wikidata.org/wiki/Q2931222
  using the guideline at https://github.com/cpesr 

The instance of wikidata item Q1023249 is not recommended: institut de recherche.
  Reason is: Statut pas assez précis.
  Please check https://www.wikidata.org/wiki/Q1023249
  using the guideline at https://github.com/cpesr 

The instance of wikidata item Q30299467 is not recommended: agence publique.
  Reason is: Statut pas assez précis.
  Please check https://www.wikidata.org/wiki/Q30299467
  using the guideline at https://github.com/cpesr 

The instance of wikidata item Q21294393 is not recommended: institut de recherche.
  Reason is: Statut pas assez précis.
  Please check https://www.wikidata.org/wiki/Q21294393
  using the guideline at https://github.com/cpesr 

The instance of wikidata item Q30299471 is not recommended: agence publique.
  Reason is: Statut pas assez précis.
  Please check https://www.wikidata.org/wiki/Q30299471
  using the guideline at https://github.com/cpesr 

The instance of wikidata item Q30299474 is not recommended: site.
  Reason is: Statut pas assez précis.
  Please check https://www.wikidata.org/wiki/Q30299474
  using the guideline at https://github.com/cpesr 

The instance of wikidata item Q30299475 is not recommended: agence publique.
  Reason is: Statut pas assez précis.
  Please check https://www.wikidata.org/wiki/Q30299475
  using the guideline at https://github.com/cpesr 

The instance of wikidata item Q19945100 is not recommended: institut de recherche.
  Reason is: Statut pas assez précis.
  Please check https://www.wikidata.org/wiki/Q19945100
  using the guideline at https://github.com/cpesr 

The instance of wikidata item Q109409389 is not recommended: université.
  Reason is: Statut pas assez précis.
  Please check https://www.wikidata.org/wiki/Q109409389
  using the guideline at https://github.com/cpesr 

The instance of wikidata item Q30262166 is not recommended: site.
  Reason is: Statut pas assez précis.
  Please check https://www.wikidata.org/wiki/Q30262166
  using the guideline at https://github.com/cpesr 

The instance of wikidata item Q24731172 is not recommended: laboratoire.
  Reason is: Statut pas assez précis.
  Please check https://www.wikidata.org/wiki/Q24731172
  using the guideline at https://github.com/cpesr 

The instance of wikidata item Q3577934 is not recommended: école.
  Reason is: Statut pas assez précis.
  Please check https://www.wikidata.org/wiki/Q3577934
  using the guideline at https://github.com/cpesr 

The instance of wikidata item Q30262371 is not recommended: laboratoire.
  Reason is: Statut pas assez précis.
  Please check https://www.wikidata.org/wiki/Q30262371
  using the guideline at https://github.com/cpesr 

The instance of wikidata item Q27962533 is not recommended: école.
  Reason is: Statut pas assez précis.
  Please check https://www.wikidata.org/wiki/Q27962533
  using the guideline at https://github.com/cpesr 

The instance of wikidata item Q3214435 is not recommended: laboratoire.
  Reason is: Statut pas assez précis.
  Please check https://www.wikidata.org/wiki/Q3214435
  using the guideline at https://github.com/cpesr 

The instance of wikidata item Q3151940 is not recommended: institut de recherche.
  Reason is: Statut pas assez précis.
  Please check https://www.wikidata.org/wiki/Q3151940
  using the guideline at https://github.com/cpesr 

The instance of wikidata item Q2945499 is not recommended: centre de recherche.
  Reason is: Statut pas assez précis.
  Please check https://www.wikidata.org/wiki/Q2945499
  using the guideline at https://github.com/cpesr 

The instance of wikidata item Q30261458 is not recommended: site.
  Reason is: Statut pas assez précis.
  Please check https://www.wikidata.org/wiki/Q30261458
  using the guideline at https://github.com/cpesr 

The instance of wikidata item Q3214459 is not recommended: institut de recherche.
  Reason is: Statut pas assez précis.
  Please check https://www.wikidata.org/wiki/Q3214459
  using the guideline at https://github.com/cpesr 

The instance of wikidata item Q16511698 is not recommended: centre de recherche.
  Reason is: Statut pas assez précis.
  Please check https://www.wikidata.org/wiki/Q16511698
  using the guideline at https://github.com/cpesr 

The instance of wikidata item Q30262424 is not recommended: site.
  Reason is: Statut pas assez précis.
  Please check https://www.wikidata.org/wiki/Q30262424
  using the guideline at https://github.com/cpesr 

The instance of wikidata item Q30262427 is not recommended: site.
  Reason is: Statut pas assez précis.
  Please check https://www.wikidata.org/wiki/Q30262427
  using the guideline at https://github.com/cpesr 

The instance of wikidata item Q3214478 is not recommended: laboratoire.
  Reason is: Statut pas assez précis.
  Please check https://www.wikidata.org/wiki/Q3214478
  using the guideline at https://github.com/cpesr 

The instance of wikidata item Q3152061 is not recommended: laboratoire.
  Reason is: Statut pas assez précis.
  Please check https://www.wikidata.org/wiki/Q3152061
  using the guideline at https://github.com/cpesr 

The instance of wikidata item Q50040720 is not recommended: site.
  Reason is: Statut pas assez précis.
  Please check https://www.wikidata.org/wiki/Q50040720
  using the guideline at https://github.com/cpesr 

The instance of wikidata item Q50040741 is not recommended: site.
  Reason is: Statut pas assez précis.
  Please check https://www.wikidata.org/wiki/Q50040741
  using the guideline at https://github.com/cpesr 

Duplicated relations detected:
       from        to dupe_count       type date depth
1 Q13531686 Q30262143          2 composante   NA    10
2 Q13531686 Q30262143          2 composante   NA    10
3 Q13531686 Q52606352          2 composante   NA    10
4 Q13531686 Q52606352          2 composante   NA    10
5  Q1665106 Q30262143          2 composante   NA     9
6  Q1665106 Q30262143          2 composante   NA     9 

