Warnings pour : Université_de_Strasbourg_@unistra
Edition wikidata : https://www.wikidata.org/wiki/Q157575 

The instance of wikidata item Q3551497 is not recommended: université.
  Reason is: Statut pas assez précis.
  Please check https://www.wikidata.org/wiki/Q3551497
  using the guideline at https://github.com/cpesr 

The instance of wikidata item Q1109084 is not recommended: université.
  Reason is: Statut pas assez précis.
  Please check https://www.wikidata.org/wiki/Q1109084
  using the guideline at https://github.com/cpesr 

The instance of wikidata item Q3551496 is not recommended: université.
  Reason is: Statut pas assez précis.
  Please check https://www.wikidata.org/wiki/Q3551496
  using the guideline at https://github.com/cpesr 

The instance of wikidata item Q20808141 is not recommended: université.
  Reason is: Statut pas assez précis.
  Please check https://www.wikidata.org/wiki/Q20808141
  using the guideline at https://github.com/cpesr 

The instance of wikidata item Q540231 is not recommended: université.
  Reason is: Statut pas assez précis.
  Please check https://www.wikidata.org/wiki/Q540231
  using the guideline at https://github.com/cpesr 

