Warnings pour : Université_Lumière_-_Lyon_2_@univ_lyon2
Edition wikidata : https://www.wikidata.org/wiki/Q4041 

The instance of wikidata item Q30274339 is not recommended: site.
  Reason is: Statut pas assez précis.
  Please check https://www.wikidata.org/wiki/Q30274339
  using the guideline at https://github.com/cpesr 

The instance of wikidata item Q30274343 is not recommended: site.
  Reason is: Statut pas assez précis.
  Please check https://www.wikidata.org/wiki/Q30274343
  using the guideline at https://github.com/cpesr 

The instance of wikidata item Q30274348 is not recommended: site.
  Reason is: Statut pas assez précis.
  Please check https://www.wikidata.org/wiki/Q30274348
  using the guideline at https://github.com/cpesr 

The instance of wikidata item Q30274353 is not recommended: site.
  Reason is: Statut pas assez précis.
  Please check https://www.wikidata.org/wiki/Q30274353
  using the guideline at https://github.com/cpesr 

The instance of wikidata item Q30274359 is not recommended: site.
  Reason is: Statut pas assez précis.
  Please check https://www.wikidata.org/wiki/Q30274359
  using the guideline at https://github.com/cpesr 

The instance of wikidata item Q30274360 is not recommended: site.
  Reason is: Statut pas assez précis.
  Please check https://www.wikidata.org/wiki/Q30274360
  using the guideline at https://github.com/cpesr 

The instance of wikidata item Q30274361 is not recommended: site.
  Reason is: Statut pas assez précis.
  Please check https://www.wikidata.org/wiki/Q30274361
  using the guideline at https://github.com/cpesr 

The instance of wikidata item Q30274362 is not recommended: site.
  Reason is: Statut pas assez précis.
  Please check https://www.wikidata.org/wiki/Q30274362
  using the guideline at https://github.com/cpesr 

The instance of wikidata item Q30274363 is not recommended: site.
  Reason is: Statut pas assez précis.
  Please check https://www.wikidata.org/wiki/Q30274363
  using the guideline at https://github.com/cpesr 

The instance of wikidata item Q30274364 is not recommended: site.
  Reason is: Statut pas assez précis.
  Please check https://www.wikidata.org/wiki/Q30274364
  using the guideline at https://github.com/cpesr 

The instance of wikidata item Q3279648 is not recommended: site.
  Reason is: Statut pas assez précis.
  Please check https://www.wikidata.org/wiki/Q3279648
  using the guideline at https://github.com/cpesr 

