Warnings pour : Université_de_Strasbourg_@unistra
Edition wikidata : https://www.wikidata.org/wiki/Q157575 

The instance of wikidata item Q273539 is unknown by wikidataESR: Groupe Concours Polytechniques.
  Default level (size of the node) is set to 4.
  Please check the property P31 at https://www.wikidata.org/wiki/Q273539
  using the guideline at https://github.com/cpesr 

The instance of wikidata item Q947985 is unknown by wikidataESR: musee.
  Default level (size of the node) is set to 4.
  Please check the property P31 at https://www.wikidata.org/wiki/Q947985
  using the guideline at https://github.com/cpesr 

The instance of wikidata item Q3151724 is not recommended: institut.
  Reason is: Statut pas assez précis.
  Please check https://www.wikidata.org/wiki/Q3151724
  using the guideline at https://github.com/cpesr 

The instance of wikidata item Q3152464 is not recommended: laboratoire.
  Reason is: Statut pas assez précis.
  Please check https://www.wikidata.org/wiki/Q3152464
  using the guideline at https://github.com/cpesr 

The instance of wikidata item Q30261415 is not recommended: site.
  Reason is: Statut pas assez précis.
  Please check https://www.wikidata.org/wiki/Q30261415
  using the guideline at https://github.com/cpesr 

The instance of wikidata item Q30262155 is not recommended: site.
  Reason is: Statut pas assez précis.
  Please check https://www.wikidata.org/wiki/Q30262155
  using the guideline at https://github.com/cpesr 

The instance of wikidata item Q3815465 is not recommended: institut de recherche.
  Reason is: Statut pas assez précis.
  Please check https://www.wikidata.org/wiki/Q3815465
  using the guideline at https://github.com/cpesr 

The instance of wikidata item Q3152101 is not recommended: institut de recherche.
  Reason is: Statut pas assez précis.
  Please check https://www.wikidata.org/wiki/Q3152101
  using the guideline at https://github.com/cpesr 

The instance of wikidata item Q27962661 is not recommended: institut de recherche.
  Reason is: Statut pas assez précis.
  Please check https://www.wikidata.org/wiki/Q27962661
  using the guideline at https://github.com/cpesr 

The instance of wikidata item Q50039829 is not recommended: site.
  Reason is: Statut pas assez précis.
  Please check https://www.wikidata.org/wiki/Q50039829
  using the guideline at https://github.com/cpesr 

The instance of wikidata item Q51785143 is not recommended: laboratoire.
  Reason is: Statut pas assez précis.
  Please check https://www.wikidata.org/wiki/Q51785143
  using the guideline at https://github.com/cpesr 

