Warnings pour : Université_Paris_8_-_Vincennes_-_Saint-Denis_@UnivParis8
Edition wikidata : https://www.wikidata.org/wiki/Q1194988 

The instance of wikidata item Q3151954 is not recommended: institut universitaire.
  Reason is: Statut pas assez précis.
  Please check https://www.wikidata.org/wiki/Q3151954
  using the guideline at https://github.com/cpesr 

The instance of wikidata item Q3152275 is not recommended: institut.
  Reason is: Statut pas assez précis.
  Please check https://www.wikidata.org/wiki/Q3152275
  using the guideline at https://github.com/cpesr 

The instance of wikidata item Q3151919 is not set.
  Default level (size of the node) is set to 7.
  Please check the property P31 at https://www.wikidata.org/wiki/Q3151919
  using the guideline at https://github.com/cpesr 

The instance of wikidata item Q3151919 is not recommended: statut manquant.
  Reason is: Absence de propriété P31 (instance_of/nature de l'élément).
  Please check https://www.wikidata.org/wiki/Q3151919
  using the guideline at https://github.com/cpesr 

The instance of wikidata item Q30274370 is not recommended: centre de recherche.
  Reason is: Statut pas assez précis.
  Please check https://www.wikidata.org/wiki/Q30274370
  using the guideline at https://github.com/cpesr 

The instance of wikidata item Q50040738 is not recommended: site.
  Reason is: Statut pas assez précis.
  Please check https://www.wikidata.org/wiki/Q50040738
  using the guideline at https://github.com/cpesr 

