Warnings pour : UNÎMES_@unimesfr
Edition wikidata : https://www.wikidata.org/wiki/Q2496121 

The instance of wikidata item Q61655387 is not set.
  Default level (size of the node) is set to 7.
  Please check the property P31 at https://www.wikidata.org/wiki/Q61655387
  using the guideline at https://github.com/cpesr 

The instance of wikidata item Q61655387 is not recommended: statut manquant.
  Reason is: Absence de propriété P31 (instance_of/nature de l'élément).
  Please check https://www.wikidata.org/wiki/Q61655387
  using the guideline at https://github.com/cpesr 

The instance of wikidata item Q61657001 is not set.
  Default level (size of the node) is set to 7.
  Please check the property P31 at https://www.wikidata.org/wiki/Q61657001
  using the guideline at https://github.com/cpesr 

The instance of wikidata item Q61657001 is not recommended: statut manquant.
  Reason is: Absence de propriété P31 (instance_of/nature de l'élément).
  Please check https://www.wikidata.org/wiki/Q61657001
  using the guideline at https://github.com/cpesr 

The instance of wikidata item Q61657064 is not set.
  Default level (size of the node) is set to 7.
  Please check the property P31 at https://www.wikidata.org/wiki/Q61657064
  using the guideline at https://github.com/cpesr 

The instance of wikidata item Q61657064 is not recommended: statut manquant.
  Reason is: Absence de propriété P31 (instance_of/nature de l'élément).
  Please check https://www.wikidata.org/wiki/Q61657064
  using the guideline at https://github.com/cpesr 

The instance of wikidata item Q61657140 is not set.
  Default level (size of the node) is set to 7.
  Please check the property P31 at https://www.wikidata.org/wiki/Q61657140
  using the guideline at https://github.com/cpesr 

The instance of wikidata item Q61657140 is not recommended: statut manquant.
  Reason is: Absence de propriété P31 (instance_of/nature de l'élément).
  Please check https://www.wikidata.org/wiki/Q61657140
  using the guideline at https://github.com/cpesr 

