Warnings pour : Comue_UGA
Edition wikidata : https://www.wikidata.org/wiki/Q3551589 

The instance of wikidata item Q19407044 is not recommended: centre de recherche.
  Reason is: Statut pas assez précis.
  Please check https://www.wikidata.org/wiki/Q19407044
  using the guideline at https://github.com/cpesr 

The instance of wikidata item Q3214451 is not recommended: centre de recherche.
  Reason is: Statut pas assez précis.
  Please check https://www.wikidata.org/wiki/Q3214451
  using the guideline at https://github.com/cpesr 

The instance of wikidata item Q30262150 is not recommended: site.
  Reason is: Statut pas assez précis.
  Please check https://www.wikidata.org/wiki/Q30262150
  using the guideline at https://github.com/cpesr 

The instance of wikidata item Q30262358 is not recommended: site.
  Reason is: Statut pas assez précis.
  Please check https://www.wikidata.org/wiki/Q30262358
  using the guideline at https://github.com/cpesr 

The instance of wikidata item Q43896459 is not recommended: site.
  Reason is: Statut pas assez précis.
  Please check https://www.wikidata.org/wiki/Q43896459
  using the guideline at https://github.com/cpesr 

The instance of wikidata item Q30261567 is not recommended: site.
  Reason is: Statut pas assez précis.
  Please check https://www.wikidata.org/wiki/Q30261567
  using the guideline at https://github.com/cpesr 

The instance of wikidata item Q3214448 is not recommended: institut de recherche.
  Reason is: Statut pas assez précis.
  Please check https://www.wikidata.org/wiki/Q3214448
  using the guideline at https://github.com/cpesr 

