Warnings pour : COMUE_Université_Paris-Saclay
Edition wikidata : https://www.wikidata.org/wiki/Q13531686 

The instance of wikidata item Q3078166 is unknown by wikidataESR: fort.
  Default level (size of the node) is set to 4.
  Please check the property P31 at https://www.wikidata.org/wiki/Q3078166
  using the guideline at https://github.com/cpesr 

Duplicated relations detected:
        from        to dupe_count       type date depth
1  Q13531686  Q1146208          2 composante   NA     3
2  Q13531686  Q1146208          2    associé   NA     3
3  Q13531686  Q2007769          2 composante   NA     3
4  Q13531686  Q2007769          2    associé   NA     3
5  Q13531686 Q30262143          2 composante   NA     3
6  Q13531686 Q30262143          2 composante   NA     3
7  Q13531686 Q52606352          2 composante   NA     3
8  Q13531686 Q52606352          2 composante   NA     3
9  Q13531686   Q868550          2 composante   NA     3
10 Q13531686   Q868550          2    associé   NA     3
11  Q1665106 Q30262143          2 composante   NA     2
12  Q1665106 Q30262143          2 composante   NA     2 

