Warnings pour : Comue_UCA
Edition wikidata : https://www.wikidata.org/wiki/Q19370961 

The instance of wikidata item Q30262223 is not recommended: site.
  Reason is: Statut pas assez précis.
  Please check https://www.wikidata.org/wiki/Q30262223
  using the guideline at https://github.com/cpesr 

The instance of wikidata item Q55454304 is not recommended: site.
  Reason is: Statut pas assez précis.
  Please check https://www.wikidata.org/wiki/Q55454304
  using the guideline at https://github.com/cpesr 

The instance of wikidata item Q30279727 is not recommended: site.
  Reason is: Statut pas assez précis.
  Please check https://www.wikidata.org/wiki/Q30279727
  using the guideline at https://github.com/cpesr 

The instance of wikidata item Q30280962 is not recommended: organisation de santé.
  Reason is: Statut pas assez précis.
  Please check https://www.wikidata.org/wiki/Q30280962
  using the guideline at https://github.com/cpesr 

The instance of wikidata item Q30262862 is not recommended: organisation de santé.
  Reason is: Statut pas assez précis.
  Please check https://www.wikidata.org/wiki/Q30262862
  using the guideline at https://github.com/cpesr 

Duplicated relations detected:
        from        to dupe_count       type date depth
1  Q19370961  Q1107189          2 composante   NA     2
2  Q19370961  Q1107189          2 composante   NA     2
3  Q19370961  Q2991466          2 composante   NA     2
4  Q19370961  Q2991466          2 composante   NA     2
5  Q19370961 Q54862344          2 composante   NA     2
6  Q19370961 Q54862344          2 composante   NA     2
7   Q2991466   Q508362          2    associé   NA     1
8   Q2991466   Q508362          2    associé   NA     1
9   Q2991466   Q918877          2    associé   NA     1
10  Q2991466   Q918877          2    associé   NA     1 

