Warnings pour : Comue_UCA
Edition wikidata : https://www.wikidata.org/wiki/Q19370961 

The instance of wikidata item Q2946106 is not set.
  Default level (size of the node) is set to 7.
  Please check the property P31 at https://www.wikidata.org/wiki/Q2946106
  using the guideline at https://github.com/cpesr 

The instance of wikidata item Q2946106 is not recommended: statut manquant.
  Reason is: Absence de propriété P31 (instance_of/nature de l'élément).
  Please check https://www.wikidata.org/wiki/Q2946106
  using the guideline at https://github.com/cpesr 

The instance of wikidata item Q108530405 is unknown by wikidataESR: bâtisse.
  Default level (size of the node) is set to 4.
  Please check the property P31 at https://www.wikidata.org/wiki/Q108530405
  using the guideline at https://github.com/cpesr 

The instance of wikidata item Q2945072 is not recommended: institut universitaire.
  Reason is: Statut pas assez précis.
  Please check https://www.wikidata.org/wiki/Q2945072
  using the guideline at https://github.com/cpesr 

Duplicated relations detected:
        from         to dupe_count         type date depth
1  Q19370961   Q1107189          2   composante <NA>     3
2  Q19370961   Q1107189          2   composante <NA>     3
3  Q19370961   Q1198571          2   composante <NA>     3
4  Q19370961   Q1198571          2 prédécesseur <NA>     3
5  Q19370961   Q2991466          2   composante <NA>     3
6  Q19370961   Q2991466          2   composante <NA>     3
7  Q19370961  Q54862344          2   composante <NA>     3
8  Q19370961  Q54862344          2   composante <NA>     3
9   Q2991466    Q508362          2      associé <NA>     2
10  Q2991466    Q508362          2      associé <NA>     2
11  Q2991466    Q918877          2      associé <NA>     2
12  Q2991466    Q918877          2      associé <NA>     2
13   Q508362 Q108530405          2      associé <NA>     1
14   Q508362 Q108530405          2      associé <NA>     1 

