Warnings pour : HESAM
Edition wikidata : https://www.wikidata.org/wiki/Q3128622 

The instance of wikidata item Q56185089 is not recommended: école d'ingé.
  Reason is: Statut pas assez précis.
  Please check https://www.wikidata.org/wiki/Q56185089
  using the guideline at https://github.com/cpesr 

The instance of wikidata item Q56185249 is not recommended: école d'ingé.
  Reason is: Statut pas assez précis.
  Please check https://www.wikidata.org/wiki/Q56185249
  using the guideline at https://github.com/cpesr 

The instance of wikidata item Q56185947 is unknown by wikidataESR: qualification.
  Default level (size of the node) is set to 4.
  Please check the property P31 at https://www.wikidata.org/wiki/Q56185947
  using the guideline at https://github.com/cpesr 

The instance of wikidata item Q56186040 is unknown by wikidataESR: laboratoire d'innovation.
  Default level (size of the node) is set to 4.
  Please check the property P31 at https://www.wikidata.org/wiki/Q56186040
  using the guideline at https://github.com/cpesr 

The instance of wikidata item Q3152596 is not recommended: institut universitaire.
  Reason is: Statut pas assez précis.
  Please check https://www.wikidata.org/wiki/Q3152596
  using the guideline at https://github.com/cpesr 

