Warnings pour : HESAM
Edition wikidata : https://www.wikidata.org/wiki/Q3128622 

The instance of wikidata item Q273534 is not recommended: institut d'enseignement supérieur.
  Reason is: Statut pas assez précis.
  Please check https://www.wikidata.org/wiki/Q273534
  using the guideline at https://github.com/cpesr 

The instance of wikidata item Q3578185 is not recommended: École nationale supérieure.
  Reason is: Confusion avec les ENS.
  Please check https://www.wikidata.org/wiki/Q3578185
  using the guideline at https://github.com/cpesr 

The instance of wikidata item Q870925 is not recommended: Grande ecole.
  Reason is: Réserver aux écoles non contemporaines.
  Please check https://www.wikidata.org/wiki/Q870925
  using the guideline at https://github.com/cpesr 

The instance of wikidata item Q2945328 is unknown by wikidataESR: école de journalisme.
  Default level (size of the node) is set to 4.
  Please check the property P31 at https://www.wikidata.org/wiki/Q2945328
  using the guideline at https://github.com/cpesr 

The instance of wikidata item Q3152284 is not recommended: institut universitaire.
  Reason is: Statut pas assez précis.
  Please check https://www.wikidata.org/wiki/Q3152284
  using the guideline at https://github.com/cpesr 

