Warnings pour : Sorbonne_Paris_Cité
Edition wikidata : https://www.wikidata.org/wiki/Q3491149 

The instance of wikidata item Q3151749 is not recommended: laboratoire.
  Reason is: Statut pas assez précis.
  Please check https://www.wikidata.org/wiki/Q3151749
  using the guideline at https://github.com/cpesr 

The instance of wikidata item Q30261444 is not recommended: site.
  Reason is: Statut pas assez précis.
  Please check https://www.wikidata.org/wiki/Q30261444
  using the guideline at https://github.com/cpesr 

The instance of wikidata item Q30261455 is not recommended: site.
  Reason is: Statut pas assez précis.
  Please check https://www.wikidata.org/wiki/Q30261455
  using the guideline at https://github.com/cpesr 

The instance of wikidata item Q30261457 is not recommended: site.
  Reason is: Statut pas assez précis.
  Please check https://www.wikidata.org/wiki/Q30261457
  using the guideline at https://github.com/cpesr 

The instance of wikidata item Q3152049 is not recommended: institut.
  Reason is: Statut pas assez précis.
  Please check https://www.wikidata.org/wiki/Q3152049
  using the guideline at https://github.com/cpesr 

The instance of wikidata item Q30261576 is not recommended: site.
  Reason is: Statut pas assez précis.
  Please check https://www.wikidata.org/wiki/Q30261576
  using the guideline at https://github.com/cpesr 

The instance of wikidata item Q3214402 is not recommended: institut de recherche.
  Reason is: Statut pas assez précis.
  Please check https://www.wikidata.org/wiki/Q3214402
  using the guideline at https://github.com/cpesr 

The instance of wikidata item Q3214366 is not recommended: institut de recherche.
  Reason is: Statut pas assez précis.
  Please check https://www.wikidata.org/wiki/Q3214366
  using the guideline at https://github.com/cpesr 

The instance of wikidata item Q3214479 is not recommended: institut de recherche.
  Reason is: Statut pas assez précis.
  Please check https://www.wikidata.org/wiki/Q3214479
  using the guideline at https://github.com/cpesr 

The instance of wikidata item Q51783269 is not recommended: institut de recherche.
  Reason is: Statut pas assez précis.
  Please check https://www.wikidata.org/wiki/Q51783269
  using the guideline at https://github.com/cpesr 

The instance of wikidata item Q30281522 is not recommended: site.
  Reason is: Statut pas assez précis.
  Please check https://www.wikidata.org/wiki/Q30281522
  using the guideline at https://github.com/cpesr 

The instance of wikidata item Q30288028 is not recommended: institut de recherche.
  Reason is: Statut pas assez précis.
  Please check https://www.wikidata.org/wiki/Q30288028
  using the guideline at https://github.com/cpesr 

The instance of wikidata item Q3151728 is not recommended: institut.
  Reason is: Statut pas assez précis.
  Please check https://www.wikidata.org/wiki/Q3151728
  using the guideline at https://github.com/cpesr 

The instance of wikidata item Q30261430 is not recommended: site.
  Reason is: Statut pas assez précis.
  Please check https://www.wikidata.org/wiki/Q30261430
  using the guideline at https://github.com/cpesr 

The instance of wikidata item Q30261454 is not recommended: site.
  Reason is: Statut pas assez précis.
  Please check https://www.wikidata.org/wiki/Q30261454
  using the guideline at https://github.com/cpesr 

The instance of wikidata item Q30261620 is not recommended: site.
  Reason is: Statut pas assez précis.
  Please check https://www.wikidata.org/wiki/Q30261620
  using the guideline at https://github.com/cpesr 

The instance of wikidata item Q30262323 is not recommended: laboratoire.
  Reason is: Statut pas assez précis.
  Please check https://www.wikidata.org/wiki/Q30262323
  using the guideline at https://github.com/cpesr 

The instance of wikidata item Q30262393 is not recommended: site.
  Reason is: Statut pas assez précis.
  Please check https://www.wikidata.org/wiki/Q30262393
  using the guideline at https://github.com/cpesr 

The instance of wikidata item Q30262463 is not recommended: site.
  Reason is: Statut pas assez précis.
  Please check https://www.wikidata.org/wiki/Q30262463
  using the guideline at https://github.com/cpesr 

