Warnings pour : Sorbonne_Université
Edition wikidata : https://www.wikidata.org/wiki/Q61716212 

The instance of wikidata item Q30261398 is not recommended: site.
  Reason is: Statut pas assez précis.
  Please check https://www.wikidata.org/wiki/Q30261398
  using the guideline at https://github.com/cpesr 

The instance of wikidata item Q1130982 is not recommended: institut de recherche.
  Reason is: Statut pas assez précis.
  Please check https://www.wikidata.org/wiki/Q1130982
  using the guideline at https://github.com/cpesr 

The instance of wikidata item Q3214427 is not recommended: laboratoire.
  Reason is: Statut pas assez précis.
  Please check https://www.wikidata.org/wiki/Q3214427
  using the guideline at https://github.com/cpesr 

The instance of wikidata item Q2013017 is not recommended: laboratoire.
  Reason is: Statut pas assez précis.
  Please check https://www.wikidata.org/wiki/Q2013017
  using the guideline at https://github.com/cpesr 

The instance of wikidata item Q30262199 is not recommended: site.
  Reason is: Statut pas assez précis.
  Please check https://www.wikidata.org/wiki/Q30262199
  using the guideline at https://github.com/cpesr 

The instance of wikidata item Q30262249 is not recommended: site.
  Reason is: Statut pas assez précis.
  Please check https://www.wikidata.org/wiki/Q30262249
  using the guideline at https://github.com/cpesr 

The instance of wikidata item Q30262376 is not recommended: laboratoire.
  Reason is: Statut pas assez précis.
  Please check https://www.wikidata.org/wiki/Q30262376
  using the guideline at https://github.com/cpesr 

The instance of wikidata item Q30262430 is not recommended: site.
  Reason is: Statut pas assez précis.
  Please check https://www.wikidata.org/wiki/Q30262430
  using the guideline at https://github.com/cpesr 

The instance of wikidata item Q30262442 is not recommended: site.
  Reason is: Statut pas assez précis.
  Please check https://www.wikidata.org/wiki/Q30262442
  using the guideline at https://github.com/cpesr 

The instance of wikidata item Q1323056 is unknown by wikidataESR: station de recherche.
  Default level (size of the node) is set to 4.
  Please check the property P31 at https://www.wikidata.org/wiki/Q1323056
  using the guideline at https://github.com/cpesr 

The instance of wikidata item Q30262470 is not recommended: site.
  Reason is: Statut pas assez précis.
  Please check https://www.wikidata.org/wiki/Q30262470
  using the guideline at https://github.com/cpesr 

The instance of wikidata item Q30263178 is not recommended: site.
  Reason is: Statut pas assez précis.
  Please check https://www.wikidata.org/wiki/Q30263178
  using the guideline at https://github.com/cpesr 

The instance of wikidata item Q33121447 is not recommended: site.
  Reason is: Statut pas assez précis.
  Please check https://www.wikidata.org/wiki/Q33121447
  using the guideline at https://github.com/cpesr 

