Warnings pour : UDL
Edition wikidata : https://www.wikidata.org/wiki/Q10176 

The instance of wikidata item Q1633859 is not recommended: Grande ecole.
  Reason is: Réserver aux écoles non contemporaines.
  Please check https://www.wikidata.org/wiki/Q1633859
  using the guideline at https://github.com/cpesr 

The instance of wikidata item Q10177 is not recommended: école d'ingé.
  Reason is: Statut pas assez précis.
  Please check https://www.wikidata.org/wiki/Q10177
  using the guideline at https://github.com/cpesr 

The instance of wikidata item Q3578252 is not recommended: Grande ecole.
  Reason is: Réserver aux écoles non contemporaines.
  Please check https://www.wikidata.org/wiki/Q3578252
  using the guideline at https://github.com/cpesr 

The instance of wikidata item Q3578093 is not recommended: école.
  Reason is: Statut pas assez précis.
  Please check https://www.wikidata.org/wiki/Q3578093
  using the guideline at https://github.com/cpesr 

The instance of wikidata item Q50040752 is not recommended: site.
  Reason is: Statut pas assez précis.
  Please check https://www.wikidata.org/wiki/Q50040752
  using the guideline at https://github.com/cpesr 

