Warnings pour : Université_de_Lille
Edition wikidata : https://www.wikidata.org/wiki/Q1322289 

The instance of wikidata item Q3151942 is not recommended: laboratoire.
  Reason is: Statut pas assez précis.
  Please check https://www.wikidata.org/wiki/Q3151942
  using the guideline at https://github.com/cpesr 

The instance of wikidata item Q30261509 is not recommended: site.
  Reason is: Statut pas assez précis.
  Please check https://www.wikidata.org/wiki/Q30261509
  using the guideline at https://github.com/cpesr 

The instance of wikidata item Q3214380 is not recommended: laboratoire.
  Reason is: Statut pas assez précis.
  Please check https://www.wikidata.org/wiki/Q3214380
  using the guideline at https://github.com/cpesr 

The instance of wikidata item Q2945851 is not recommended: centre de recherche.
  Reason is: Statut pas assez précis.
  Please check https://www.wikidata.org/wiki/Q2945851
  using the guideline at https://github.com/cpesr 

The instance of wikidata item Q30262359 is not recommended: site.
  Reason is: Statut pas assez précis.
  Please check https://www.wikidata.org/wiki/Q30262359
  using the guideline at https://github.com/cpesr 

The instance of wikidata item Q30262542 is not recommended: site.
  Reason is: Statut pas assez précis.
  Please check https://www.wikidata.org/wiki/Q30262542
  using the guideline at https://github.com/cpesr 

The instance of wikidata item Q30261460 is not recommended: site.
  Reason is: Statut pas assez précis.
  Please check https://www.wikidata.org/wiki/Q30261460
  using the guideline at https://github.com/cpesr 

The instance of wikidata item Q3152115 is not recommended: centre de recherche.
  Reason is: Statut pas assez précis.
  Please check https://www.wikidata.org/wiki/Q3152115
  using the guideline at https://github.com/cpesr 

