Warnings pour : Université_Paris-Seine
Edition wikidata : https://www.wikidata.org/wiki/Q3247880 

The instance of wikidata item Q273642 is not recommended: Grande ecole.
  Reason is: Réserver aux écoles non contemporaines.
  Please check https://www.wikidata.org/wiki/Q273642
  using the guideline at https://github.com/cpesr 

The instance of wikidata item Q3578196 is not recommended: institut universitaire.
  Reason is: Statut pas assez précis.
  Please check https://www.wikidata.org/wiki/Q3578196
  using the guideline at https://github.com/cpesr 

The instance of wikidata item Q62067267 is not recommended: institut d'enseignement supérieur.
  Reason is: Statut pas assez précis.
  Please check https://www.wikidata.org/wiki/Q62067267
  using the guideline at https://github.com/cpesr 

The instance of wikidata item Q3577829 is not recommended: école.
  Reason is: Statut pas assez précis.
  Please check https://www.wikidata.org/wiki/Q3577829
  using the guideline at https://github.com/cpesr 

The instance of wikidata item Q3577775 is not recommended: école.
  Reason is: Statut pas assez précis.
  Please check https://www.wikidata.org/wiki/Q3577775
  using the guideline at https://github.com/cpesr 

The instance of wikidata item Q3152347 is not recommended: institution éducative.
  Reason is: Statut pas assez précis.
  Please check https://www.wikidata.org/wiki/Q3152347
  using the guideline at https://github.com/cpesr 

The instance of wikidata item Q3577763 is not recommended: Collége.
  Reason is: Statut pas assez précis.
  Please check https://www.wikidata.org/wiki/Q3577763
  using the guideline at https://github.com/cpesr 

